{"/project/sandbox/user-workspace/solid-car-customer/backend/middleware/auth.js": {"path":"/project/sandbox/user-workspace/solid-car-customer/backend/middleware/auth.js","statementMap":{"0":{"start":{"line":1,"column":12},"end":{"line":1,"column":35}},"1":{"start":{"line":4,"column":2},"end":{"line":37,"column":3}},"2":{"start":{"line":6,"column":18},"end":{"line":6,"column":90}},"3":{"start":{"line":8,"column":4},"end":{"line":13,"column":5}},"4":{"start":{"line":9,"column":6},"end":{"line":12,"column":9}},"5":{"start":{"line":16,"column":20},"end":{"line":16,"column":61}},"6":{"start":{"line":19,"column":4},"end":{"line":19,"column":23}},"7":{"start":{"line":22,"column":16},"end":{"line":22,"column":45}},"8":{"start":{"line":23,"column":4},"end":{"line":28,"column":5}},"9":{"start":{"line":24,"column":6},"end":{"line":27,"column":9}},"10":{"start":{"line":30,"column":4},"end":{"line":30,"column":11}},"11":{"start":{"line":32,"column":4},"end":{"line":32,"column":51}},"12":{"start":{"line":33,"column":4},"end":{"line":36,"column":7}},"13":{"start":{"line":40,"column":0},"end":{"line":40,"column":32}}},"fnMap":{"0":{"name":"authMiddleware","decl":{"start":{"line":3,"column":9},"end":{"line":3,"column":23}},"loc":{"start":{"line":3,"column":40},"end":{"line":38,"column":1}},"line":3}},"branchMap":{"0":{"loc":{"start":{"line":6,"column":18},"end":{"line":6,"column":90}},"type":"binary-expr","locations":[{"start":{"line":6,"column":18},"end":{"line":6,"column":35}},{"start":{"line":6,"column":39},"end":{"line":6,"column":90}}],"line":6},"1":{"loc":{"start":{"line":8,"column":4},"end":{"line":13,"column":5}},"type":"if","locations":[{"start":{"line":8,"column":4},"end":{"line":13,"column":5}},{"start":{},"end":{}}],"line":8},"2":{"loc":{"start":{"line":23,"column":4},"end":{"line":28,"column":5}},"type":"if","locations":[{"start":{"line":23,"column":4},"end":{"line":28,"column":5}},{"start":{},"end":{}}],"line":23},"3":{"loc":{"start":{"line":23,"column":8},"end":{"line":23,"column":40}},"type":"binary-expr","locations":[{"start":{"line":23,"column":8},"end":{"line":23,"column":19}},{"start":{"line":23,"column":23},"end":{"line":23,"column":40}}],"line":23}},"s":{"0":1,"1":5,"2":5,"3":5,"4":1,"5":4,"6":2,"7":2,"8":2,"9":0,"10":2,"11":2,"12":2,"13":1},"f":{"0":5},"b":{"0":[5,2],"1":[1,4],"2":[0,2],"3":[2,0]},"_coverageSchema":"1a1c01bbd47fc00a2c39e90264f33305004495a9","hash":"f0b01e419e7b83d2d5f404512be0f71a58bb1494"}
}
