{"/project/sandbox/user-workspace/solid-car-customer/backend/server.js": {"path":"/project/sandbox/user-workspace/solid-car-customer/backend/server.js","statementMap":{"0":{"start":{"line":1,"column":16},"end":{"line":1,"column":34}},"1":{"start":{"line":2,"column":13},"end":{"line":2,"column":28}},"2":{"start":{"line":3,"column":15},"end":{"line":3,"column":32}},"3":{"start":{"line":4,"column":17},"end":{"line":4,"column":36}},"4":{"start":{"line":5,"column":15},"end":{"line":5,"column":32}},"5":{"start":{"line":6,"column":18},"end":{"line":6,"column":47}},"6":{"start":{"line":7,"column":13},"end":{"line":7,"column":29}},"7":{"start":{"line":8,"column":21},"end":{"line":8,"column":45}},"8":{"start":{"line":9,"column":15},"end":{"line":9,"column":41}},"9":{"start":{"line":10,"column":18},"end":{"line":10,"column":46}},"10":{"start":{"line":11,"column":49},"end":{"line":11,"column":78}},"11":{"start":{"line":14,"column":12},"end":{"line":14,"column":21}},"12":{"start":{"line":17,"column":0},"end":{"line":17,"column":12}},"13":{"start":{"line":20,"column":0},"end":{"line":20,"column":24}},"14":{"start":{"line":23,"column":0},"end":{"line":23,"column":26}},"15":{"start":{"line":26,"column":0},"end":{"line":26,"column":40}},"16":{"start":{"line":27,"column":0},"end":{"line":31,"column":4}},"17":{"start":{"line":34,"column":0},"end":{"line":34,"column":36}},"18":{"start":{"line":37,"column":0},"end":{"line":41,"column":1}},"19":{"start":{"line":38,"column":4},"end":{"line":38,"column":27}},"20":{"start":{"line":40,"column":4},"end":{"line":40,"column":95}},"21":{"start":{"line":40,"column":61},"end":{"line":40,"column":88}},"22":{"start":{"line":44,"column":0},"end":{"line":44,"column":56}},"23":{"start":{"line":45,"column":0},"end":{"line":45,"column":48}},"24":{"start":{"line":48,"column":21},"end":{"line":70,"column":2}},"25":{"start":{"line":59,"column":8},"end":{"line":63,"column":11}},"26":{"start":{"line":64,"column":8},"end":{"line":68,"column":11}},"27":{"start":{"line":73,"column":19},"end":{"line":95,"column":2}},"28":{"start":{"line":84,"column":8},"end":{"line":88,"column":11}},"29":{"start":{"line":89,"column":8},"end":{"line":93,"column":11}},"30":{"start":{"line":98,"column":0},"end":{"line":98,"column":41}},"31":{"start":{"line":99,"column":0},"end":{"line":99,"column":28}},"32":{"start":{"line":102,"column":0},"end":{"line":110,"column":1}},"33":{"start":{"line":103,"column":4},"end":{"line":103,"column":36}},"34":{"start":{"line":106,"column":4},"end":{"line":109,"column":7}},"35":{"start":{"line":107,"column":8},"end":{"line":107,"column":50}},"36":{"start":{"line":108,"column":8},"end":{"line":108,"column":15}},"37":{"start":{"line":113,"column":0},"end":{"line":120,"column":3}},"38":{"start":{"line":114,"column":4},"end":{"line":119,"column":7}},"39":{"start":{"line":123,"column":0},"end":{"line":141,"column":3}},"40":{"start":{"line":124,"column":4},"end":{"line":139,"column":5}},"41":{"start":{"line":125,"column":8},"end":{"line":130,"column":11}},"42":{"start":{"line":132,"column":8},"end":{"line":138,"column":11}},"43":{"start":{"line":140,"column":4},"end":{"line":140,"column":11}},"44":{"start":{"line":144,"column":0},"end":{"line":144,"column":47}},"45":{"start":{"line":145,"column":0},"end":{"line":145,"column":47}},"46":{"start":{"line":146,"column":0},"end":{"line":146,"column":55}},"47":{"start":{"line":147,"column":0},"end":{"line":147,"column":53}},"48":{"start":{"line":148,"column":0},"end":{"line":148,"column":53}},"49":{"start":{"line":149,"column":0},"end":{"line":149,"column":53}},"50":{"start":{"line":152,"column":0},"end":{"line":152,"column":61}},"51":{"start":{"line":155,"column":0},"end":{"line":155,"column":22}},"52":{"start":{"line":158,"column":0},"end":{"line":173,"column":3}},"53":{"start":{"line":159,"column":4},"end":{"line":165,"column":7}},"54":{"start":{"line":167,"column":4},"end":{"line":172,"column":7}},"55":{"start":{"line":176,"column":0},"end":{"line":232,"column":1}},"56":{"start":{"line":177,"column":19},"end":{"line":180,"column":6}},"57":{"start":{"line":178,"column":8},"end":{"line":178,"column":71}},"58":{"start":{"line":179,"column":8},"end":{"line":179,"column":57}},"59":{"start":{"line":183,"column":29},"end":{"line":216,"column":5}},"60":{"start":{"line":184,"column":8},"end":{"line":188,"column":11}},"61":{"start":{"line":186,"column":45},"end":{"line":186,"column":108}},"62":{"start":{"line":186,"column":83},"end":{"line":186,"column":107}},"63":{"start":{"line":190,"column":8},"end":{"line":209,"column":9}},"64":{"start":{"line":192,"column":12},"end":{"line":198,"column":15}},"65":{"start":{"line":193,"column":16},"end":{"line":197,"column":19}},"66":{"start":{"line":194,"column":20},"end":{"line":194,"column":41}},"67":{"start":{"line":194,"column":29},"end":{"line":194,"column":41}},"68":{"start":{"line":195,"column":20},"end":{"line":195,"column":54}},"69":{"start":{"line":196,"column":20},"end":{"line":196,"column":30}},"70":{"start":{"line":201,"column":12},"end":{"line":201,"column":46}},"71":{"start":{"line":202,"column":12},"end":{"line":202,"column":53}},"72":{"start":{"line":205,"column":12},"end":{"line":205,"column":28}},"73":{"start":{"line":207,"column":12},"end":{"line":207,"column":58}},"74":{"start":{"line":208,"column":12},"end":{"line":208,"column":28}},"75":{"start":{"line":212,"column":8},"end":{"line":215,"column":18}},"76":{"start":{"line":213,"column":12},"end":{"line":213,"column":94}},"77":{"start":{"line":214,"column":12},"end":{"line":214,"column":28}},"78":{"start":{"line":219,"column":4},"end":{"line":219,"column":61}},"79":{"start":{"line":219,"column":32},"end":{"line":219,"column":59}},"80":{"start":{"line":220,"column":4},"end":{"line":220,"column":59}},"81":{"start":{"line":220,"column":31},"end":{"line":220,"column":57}},"82":{"start":{"line":223,"column":4},"end":{"line":226,"column":7}},"83":{"start":{"line":224,"column":8},"end":{"line":224,"column":51}},"84":{"start":{"line":225,"column":8},"end":{"line":225,"column":46}},"85":{"start":{"line":228,"column":4},"end":{"line":231,"column":7}},"86":{"start":{"line":229,"column":8},"end":{"line":229,"column":52}},"87":{"start":{"line":230,"column":8},"end":{"line":230,"column":47}},"88":{"start":{"line":234,"column":0},"end":{"line":234,"column":21}}},"fnMap":{"0":{"name":"(anonymous_0)","decl":{"start":{"line":40,"column":50},"end":{"line":40,"column":51}},"loc":{"start":{"line":40,"column":61},"end":{"line":40,"column":88}},"line":40},"1":{"name":"(anonymous_1)","decl":{"start":{"line":58,"column":13},"end":{"line":58,"column":14}},"loc":{"start":{"line":58,"column":27},"end":{"line":69,"column":5}},"line":58},"2":{"name":"(anonymous_2)","decl":{"start":{"line":83,"column":13},"end":{"line":83,"column":14}},"loc":{"start":{"line":83,"column":27},"end":{"line":94,"column":5}},"line":83},"3":{"name":"(anonymous_3)","decl":{"start":{"line":106,"column":12},"end":{"line":106,"column":13}},"loc":{"start":{"line":106,"column":32},"end":{"line":109,"column":5}},"line":106},"4":{"name":"(anonymous_4)","decl":{"start":{"line":113,"column":19},"end":{"line":113,"column":20}},"loc":{"start":{"line":113,"column":33},"end":{"line":120,"column":1}},"line":113},"5":{"name":"(anonymous_5)","decl":{"start":{"line":123,"column":8},"end":{"line":123,"column":9}},"loc":{"start":{"line":123,"column":28},"end":{"line":141,"column":1}},"line":123},"6":{"name":"(anonymous_6)","decl":{"start":{"line":158,"column":8},"end":{"line":158,"column":9}},"loc":{"start":{"line":158,"column":22},"end":{"line":173,"column":1}},"line":158},"7":{"name":"(anonymous_7)","decl":{"start":{"line":177,"column":50},"end":{"line":177,"column":51}},"loc":{"start":{"line":177,"column":56},"end":{"line":180,"column":5}},"line":177},"8":{"name":"(anonymous_8)","decl":{"start":{"line":183,"column":29},"end":{"line":183,"column":30}},"loc":{"start":{"line":183,"column":47},"end":{"line":216,"column":5}},"line":183},"9":{"name":"(anonymous_9)","decl":{"start":{"line":186,"column":34},"end":{"line":186,"column":35}},"loc":{"start":{"line":186,"column":45},"end":{"line":186,"column":108}},"line":186},"10":{"name":"(anonymous_10)","decl":{"start":{"line":186,"column":67},"end":{"line":186,"column":68}},"loc":{"start":{"line":186,"column":83},"end":{"line":186,"column":107}},"line":186},"11":{"name":"(anonymous_11)","decl":{"start":{"line":192,"column":30},"end":{"line":192,"column":31}},"loc":{"start":{"line":192,"column":51},"end":{"line":198,"column":13}},"line":192},"12":{"name":"(anonymous_12)","decl":{"start":{"line":193,"column":29},"end":{"line":193,"column":30}},"loc":{"start":{"line":193,"column":38},"end":{"line":197,"column":17}},"line":193},"13":{"name":"(anonymous_13)","decl":{"start":{"line":212,"column":19},"end":{"line":212,"column":20}},"loc":{"start":{"line":212,"column":25},"end":{"line":215,"column":9}},"line":212},"14":{"name":"(anonymous_14)","decl":{"start":{"line":219,"column":26},"end":{"line":219,"column":27}},"loc":{"start":{"line":219,"column":32},"end":{"line":219,"column":59}},"line":219},"15":{"name":"(anonymous_15)","decl":{"start":{"line":220,"column":25},"end":{"line":220,"column":26}},"loc":{"start":{"line":220,"column":31},"end":{"line":220,"column":57}},"line":220},"16":{"name":"(anonymous_16)","decl":{"start":{"line":223,"column":36},"end":{"line":223,"column":37}},"loc":{"start":{"line":223,"column":47},"end":{"line":226,"column":5}},"line":223},"17":{"name":"(anonymous_17)","decl":{"start":{"line":228,"column":37},"end":{"line":228,"column":38}},"loc":{"start":{"line":228,"column":48},"end":{"line":231,"column":5}},"line":228}},"branchMap":{"0":{"loc":{"start":{"line":30,"column":14},"end":{"line":30,"column":67}},"type":"cond-expr","locations":[{"start":{"line":30,"column":51},"end":{"line":30,"column":59}},{"start":{"line":30,"column":62},"end":{"line":30,"column":67}}],"line":30},"1":{"loc":{"start":{"line":37,"column":0},"end":{"line":41,"column":1}},"type":"if","locations":[{"start":{"line":37,"column":0},"end":{"line":41,"column":1}},{"start":{"line":39,"column":7},"end":{"line":41,"column":1}}],"line":37},"2":{"loc":{"start":{"line":102,"column":0},"end":{"line":110,"column":1}},"type":"if","locations":[{"start":{"line":102,"column":0},"end":{"line":110,"column":1}},{"start":{},"end":{}}],"line":102},"3":{"loc":{"start":{"line":124,"column":4},"end":{"line":139,"column":5}},"type":"if","locations":[{"start":{"line":124,"column":4},"end":{"line":139,"column":5}},{"start":{},"end":{}}],"line":124},"4":{"loc":{"start":{"line":124,"column":8},"end":{"line":124,"column":61}},"type":"binary-expr","locations":[{"start":{"line":124,"column":8},"end":{"line":124,"column":35}},{"start":{"line":124,"column":39},"end":{"line":124,"column":61}}],"line":124},"5":{"loc":{"start":{"line":136,"column":31},"end":{"line":136,"column":88}},"type":"binary-expr","locations":[{"start":{"line":136,"column":31},"end":{"line":136,"column":75}},{"start":{"line":136,"column":79},"end":{"line":136,"column":88}}],"line":136},"6":{"loc":{"start":{"line":176,"column":0},"end":{"line":232,"column":1}},"type":"if","locations":[{"start":{"line":176,"column":0},"end":{"line":232,"column":1}},{"start":{},"end":{}}],"line":176},"7":{"loc":{"start":{"line":185,"column":31},"end":{"line":187,"column":25}},"type":"cond-expr","locations":[{"start":{"line":186,"column":16},"end":{"line":186,"column":109}},{"start":{"line":187,"column":16},"end":{"line":187,"column":25}}],"line":185},"8":{"loc":{"start":{"line":186,"column":91},"end":{"line":186,"column":106}},"type":"cond-expr","locations":[{"start":{"line":186,"column":97},"end":{"line":186,"column":98}},{"start":{"line":186,"column":101},"end":{"line":186,"column":106}}],"line":186},"9":{"loc":{"start":{"line":194,"column":20},"end":{"line":194,"column":41}},"type":"if","locations":[{"start":{"line":194,"column":20},"end":{"line":194,"column":41}},{"start":{},"end":{}}],"line":194}},"s":{"0":2,"1":2,"2":2,"3":2,"4":2,"5":2,"6":2,"7":2,"8":2,"9":2,"10":2,"11":2,"12":2,"13":2,"14":2,"15":2,"16":2,"17":2,"18":2,"19":0,"20":2,"21":29,"22":2,"23":2,"24":2,"25":0,"26":0,"27":2,"28":0,"29":0,"30":2,"31":2,"32":2,"33":0,"34":0,"35":0,"36":0,"37":2,"38":0,"39":2,"40":43,"41":0,"42":0,"43":43,"44":2,"45":2,"46":2,"47":2,"48":2,"49":2,"50":2,"51":2,"52":2,"53":14,"54":14,"55":2,"56":0,"57":0,"58":0,"59":0,"60":0,"61":0,"62":0,"63":0,"64":0,"65":0,"66":0,"67":0,"68":0,"69":0,"70":0,"71":0,"72":0,"73":0,"74":0,"75":0,"76":0,"77":0,"78":0,"79":0,"80":0,"81":0,"82":0,"83":0,"84":0,"85":0,"86":0,"87":0,"88":2},"f":{"0":29,"1":0,"2":0,"3":0,"4":0,"5":43,"6":14,"7":0,"8":0,"9":0,"10":0,"11":0,"12":0,"13":0,"14":0,"15":0,"16":0,"17":0},"b":{"0":[0,2],"1":[0,2],"2":[0,2],"3":[0,43],"4":[43,0],"5":[0,0],"6":[0,2],"7":[0,0],"8":[0,0],"9":[0,0]},"_coverageSchema":"1a1c01bbd47fc00a2c39e90264f33305004495a9","hash":"f29b09c0f212d8d98db9b4e528a27ff5edd1eef0"}
,"/project/sandbox/user-workspace/solid-car-customer/backend/config/config.js": {"path":"/project/sandbox/user-workspace/solid-car-customer/backend/config/config.js","statementMap":{"0":{"start":{"line":1,"column":15},"end":{"line":1,"column":32}},"1":{"start":{"line":2,"column":13},"end":{"line":2,"column":28}},"2":{"start":{"line":5,"column":0},"end":{"line":5,"column":57}},"3":{"start":{"line":7,"column":15},"end":{"line":175,"column":1}},"4":{"start":{"line":135,"column":36},"end":{"line":135,"column":67}},"5":{"start":{"line":178,"column":24},"end":{"line":181,"column":1}},"6":{"start":{"line":183,"column":23},"end":{"line":183,"column":77}},"7":{"start":{"line":183,"column":56},"end":{"line":183,"column":76}},"8":{"start":{"line":184,"column":0},"end":{"line":186,"column":1}},"9":{"start":{"line":185,"column":4},"end":{"line":185,"column":92}},"10":{"start":{"line":188,"column":0},"end":{"line":188,"column":24}}},"fnMap":{"0":{"name":"(anonymous_0)","decl":{"start":{"line":135,"column":22},"end":{"line":135,"column":23}},"loc":{"start":{"line":135,"column":36},"end":{"line":135,"column":67}},"line":135},"1":{"name":"(anonymous_1)","decl":{"start":{"line":183,"column":46},"end":{"line":183,"column":47}},"loc":{"start":{"line":183,"column":56},"end":{"line":183,"column":76}},"line":183}},"branchMap":{"0":{"loc":{"start":{"line":10,"column":14},"end":{"line":10,"column":38}},"type":"binary-expr","locations":[{"start":{"line":10,"column":14},"end":{"line":10,"column":30}},{"start":{"line":10,"column":34},"end":{"line":10,"column":38}}],"line":10},"1":{"loc":{"start":{"line":11,"column":13},"end":{"line":11,"column":50}},"type":"binary-expr","locations":[{"start":{"line":11,"column":13},"end":{"line":11,"column":33}},{"start":{"line":11,"column":37},"end":{"line":11,"column":50}}],"line":11},"2":{"loc":{"start":{"line":12,"column":21},"end":{"line":12,"column":72}},"type":"binary-expr","locations":[{"start":{"line":12,"column":21},"end":{"line":12,"column":45}},{"start":{"line":12,"column":49},"end":{"line":12,"column":72}}],"line":12},"3":{"loc":{"start":{"line":13,"column":16},"end":{"line":13,"column":62}},"type":"binary-expr","locations":[{"start":{"line":13,"column":16},"end":{"line":13,"column":35}},{"start":{"line":13,"column":39},"end":{"line":13,"column":62}}],"line":13},"4":{"loc":{"start":{"line":18,"column":13},"end":{"line":18,"column":77}},"type":"binary-expr","locations":[{"start":{"line":18,"column":13},"end":{"line":18,"column":36}},{"start":{"line":18,"column":40},"end":{"line":18,"column":77}}],"line":18},"5":{"loc":{"start":{"line":31,"column":16},"end":{"line":31,"column":59}},"type":"binary-expr","locations":[{"start":{"line":31,"column":16},"end":{"line":31,"column":38}},{"start":{"line":31,"column":42},"end":{"line":31,"column":59}}],"line":31},"6":{"loc":{"start":{"line":32,"column":19},"end":{"line":32,"column":54}},"type":"binary-expr","locations":[{"start":{"line":32,"column":19},"end":{"line":32,"column":45}},{"start":{"line":32,"column":49},"end":{"line":32,"column":54}}],"line":32},"7":{"loc":{"start":{"line":34,"column":20},"end":{"line":34,"column":81}},"type":"binary-expr","locations":[{"start":{"line":34,"column":20},"end":{"line":34,"column":52}},{"start":{"line":34,"column":56},"end":{"line":34,"column":81}}],"line":34},"8":{"loc":{"start":{"line":35,"column":23},"end":{"line":35,"column":67}},"type":"binary-expr","locations":[{"start":{"line":35,"column":23},"end":{"line":35,"column":59}},{"start":{"line":35,"column":63},"end":{"line":35,"column":67}}],"line":35},"9":{"loc":{"start":{"line":37,"column":16},"end":{"line":37,"column":57}},"type":"binary-expr","locations":[{"start":{"line":37,"column":16},"end":{"line":37,"column":38}},{"start":{"line":37,"column":42},"end":{"line":37,"column":57}}],"line":37},"10":{"loc":{"start":{"line":38,"column":18},"end":{"line":38,"column":64}},"type":"binary-expr","locations":[{"start":{"line":38,"column":18},"end":{"line":38,"column":42}},{"start":{"line":38,"column":46},"end":{"line":38,"column":64}}],"line":38},"11":{"loc":{"start":{"line":42,"column":22},"end":{"line":42,"column":78}},"type":"cond-expr","locations":[{"start":{"line":42,"column":62},"end":{"line":42,"column":70}},{"start":{"line":42,"column":73},"end":{"line":42,"column":78}}],"line":42},"12":{"loc":{"start":{"line":44,"column":20},"end":{"line":44,"column":60}},"type":"binary-expr","locations":[{"start":{"line":44,"column":20},"end":{"line":44,"column":45}},{"start":{"line":44,"column":49},"end":{"line":44,"column":60}}],"line":44},"13":{"loc":{"start":{"line":50,"column":14},"end":{"line":50,"column":58}},"type":"binary-expr","locations":[{"start":{"line":50,"column":14},"end":{"line":50,"column":36}},{"start":{"line":50,"column":40},"end":{"line":50,"column":58}}],"line":50},"14":{"loc":{"start":{"line":51,"column":14},"end":{"line":51,"column":44}},"type":"binary-expr","locations":[{"start":{"line":51,"column":14},"end":{"line":51,"column":36}},{"start":{"line":51,"column":40},"end":{"line":51,"column":44}}],"line":51},"15":{"loc":{"start":{"line":56,"column":14},"end":{"line":56,"column":74}},"type":"binary-expr","locations":[{"start":{"line":56,"column":14},"end":{"line":56,"column":36}},{"start":{"line":56,"column":40},"end":{"line":56,"column":74}}],"line":56},"16":{"loc":{"start":{"line":71,"column":22},"end":{"line":71,"column":63}},"type":"binary-expr","locations":[{"start":{"line":71,"column":22},"end":{"line":71,"column":57}},{"start":{"line":71,"column":61},"end":{"line":71,"column":63}}],"line":71},"17":{"loc":{"start":{"line":74,"column":26},"end":{"line":74,"column":73}},"type":"binary-expr","locations":[{"start":{"line":74,"column":26},"end":{"line":74,"column":63}},{"start":{"line":74,"column":67},"end":{"line":74,"column":73}}],"line":74},"18":{"loc":{"start":{"line":75,"column":29},"end":{"line":75,"column":74}},"type":"binary-expr","locations":[{"start":{"line":75,"column":29},"end":{"line":75,"column":69}},{"start":{"line":75,"column":73},"end":{"line":75,"column":74}}],"line":75},"19":{"loc":{"start":{"line":79,"column":26},"end":{"line":79,"column":70}},"type":"binary-expr","locations":[{"start":{"line":79,"column":26},"end":{"line":79,"column":61}},{"start":{"line":79,"column":65},"end":{"line":79,"column":70}}],"line":79},"20":{"loc":{"start":{"line":80,"column":29},"end":{"line":80,"column":74}},"type":"binary-expr","locations":[{"start":{"line":80,"column":29},"end":{"line":80,"column":67}},{"start":{"line":80,"column":71},"end":{"line":80,"column":74}}],"line":80},"21":{"loc":{"start":{"line":85,"column":20},"end":{"line":85,"column":71}},"type":"binary-expr","locations":[{"start":{"line":85,"column":20},"end":{"line":85,"column":44}},{"start":{"line":85,"column":48},"end":{"line":85,"column":71}}],"line":85},"22":{"loc":{"start":{"line":112,"column":17},"end":{"line":112,"column":51}},"type":"binary-expr","locations":[{"start":{"line":112,"column":17},"end":{"line":112,"column":42}},{"start":{"line":112,"column":46},"end":{"line":112,"column":51}}],"line":112},"23":{"loc":{"start":{"line":119,"column":15},"end":{"line":119,"column":46}},"type":"binary-expr","locations":[{"start":{"line":119,"column":15},"end":{"line":119,"column":36}},{"start":{"line":119,"column":40},"end":{"line":119,"column":46}}],"line":119},"24":{"loc":{"start":{"line":120,"column":16},"end":{"line":120,"column":48}},"type":"binary-expr","locations":[{"start":{"line":120,"column":16},"end":{"line":120,"column":38}},{"start":{"line":120,"column":42},"end":{"line":120,"column":48}}],"line":120},"25":{"loc":{"start":{"line":133,"column":20},"end":{"line":133,"column":78}},"type":"cond-expr","locations":[{"start":{"line":133,"column":60},"end":{"line":133,"column":70}},{"start":{"line":133,"column":73},"end":{"line":133,"column":78}}],"line":133},"26":{"loc":{"start":{"line":143,"column":13},"end":{"line":143,"column":52}},"type":"binary-expr","locations":[{"start":{"line":143,"column":13},"end":{"line":143,"column":44}},{"start":{"line":143,"column":48},"end":{"line":143,"column":52}}],"line":143},"27":{"loc":{"start":{"line":144,"column":21},"end":{"line":144,"column":68}},"type":"binary-expr","locations":[{"start":{"line":144,"column":21},"end":{"line":144,"column":61}},{"start":{"line":144,"column":65},"end":{"line":144,"column":68}}],"line":144},"28":{"loc":{"start":{"line":166,"column":31},"end":{"line":166,"column":77}},"type":"binary-expr","locations":[{"start":{"line":166,"column":31},"end":{"line":166,"column":72}},{"start":{"line":166,"column":76},"end":{"line":166,"column":77}}],"line":166},"29":{"loc":{"start":{"line":167,"column":29},"end":{"line":167,"column":82}},"type":"binary-expr","locations":[{"start":{"line":167,"column":29},"end":{"line":167,"column":76}},{"start":{"line":167,"column":80},"end":{"line":167,"column":82}}],"line":167},"30":{"loc":{"start":{"line":168,"column":28},"end":{"line":168,"column":80}},"type":"binary-expr","locations":[{"start":{"line":168,"column":28},"end":{"line":168,"column":74}},{"start":{"line":168,"column":78},"end":{"line":168,"column":80}}],"line":168},"31":{"loc":{"start":{"line":172,"column":30},"end":{"line":172,"column":77}},"type":"binary-expr","locations":[{"start":{"line":172,"column":30},"end":{"line":172,"column":70}},{"start":{"line":172,"column":74},"end":{"line":172,"column":77}}],"line":172},"32":{"loc":{"start":{"line":184,"column":0},"end":{"line":186,"column":1}},"type":"if","locations":[{"start":{"line":184,"column":0},"end":{"line":186,"column":1}},{"start":{},"end":{}}],"line":184}},"s":{"0":4,"1":4,"2":4,"3":4,"4":0,"5":4,"6":4,"7":8,"8":4,"9":0,"10":4},"f":{"0":0,"1":8},"b":{"0":[4,0],"1":[4,0],"2":[4,0],"3":[4,0],"4":[4,0],"5":[4,0],"6":[4,0],"7":[4,4],"8":[4,4],"9":[4,4],"10":[4,4],"11":[0,4],"12":[4,4],"13":[4,0],"14":[4,0],"15":[4,0],"16":[4,0],"17":[4,0],"18":[4,0],"19":[4,4],"20":[4,4],"21":[4,0],"22":[4,4],"23":[4,0],"24":[4,4],"25":[0,4],"26":[4,4],"27":[4,4],"28":[4,0],"29":[4,0],"30":[4,0],"31":[4,0],"32":[0,4]},"_coverageSchema":"1a1c01bbd47fc00a2c39e90264f33305004495a9","hash":"738f4ec01680719d27826b95d19fe6ddfad861e8"}
,"/project/sandbox/user-workspace/solid-car-customer/backend/config/database.js": {"path":"/project/sandbox/user-workspace/solid-car-customer/backend/config/database.js","statementMap":{"0":{"start":{"line":1,"column":17},"end":{"line":1,"column":36}},"1":{"start":{"line":2,"column":19},"end":{"line":2,"column":49}},"2":{"start":{"line":4,"column":18},"end":{"line":72,"column":1}},"3":{"start":{"line":5,"column":4},"end":{"line":71,"column":5}},"4":{"start":{"line":7,"column":24},"end":{"line":19,"column":9}},"5":{"start":{"line":22,"column":25},"end":{"line":24,"column":78}},"6":{"start":{"line":27,"column":8},"end":{"line":32,"column":9}},"7":{"start":{"line":28,"column":12},"end":{"line":28,"column":32}},"8":{"start":{"line":29,"column":12},"end":{"line":29,"column":38}},"9":{"start":{"line":30,"column":12},"end":{"line":30,"column":32}},"10":{"start":{"line":31,"column":12},"end":{"line":31,"column":32}},"11":{"start":{"line":35,"column":21},"end":{"line":35,"column":62}},"12":{"start":{"line":37,"column":8},"end":{"line":37,"column":66}},"13":{"start":{"line":40,"column":8},"end":{"line":42,"column":11}},"14":{"start":{"line":41,"column":12},"end":{"line":41,"column":57}},"15":{"start":{"line":44,"column":8},"end":{"line":46,"column":11}},"16":{"start":{"line":45,"column":12},"end":{"line":45,"column":60}},"17":{"start":{"line":48,"column":8},"end":{"line":50,"column":11}},"18":{"start":{"line":49,"column":12},"end":{"line":49,"column":49}},"19":{"start":{"line":53,"column":8},"end":{"line":62,"column":11}},"20":{"start":{"line":54,"column":12},"end":{"line":61,"column":13}},"21":{"start":{"line":55,"column":16},"end":{"line":55,"column":50}},"22":{"start":{"line":56,"column":16},"end":{"line":56,"column":82}},"23":{"start":{"line":57,"column":16},"end":{"line":57,"column":32}},"24":{"start":{"line":59,"column":16},"end":{"line":59,"column":72}},"25":{"start":{"line":60,"column":16},"end":{"line":60,"column":32}},"26":{"start":{"line":65,"column":8},"end":{"line":65,"column":57}},"27":{"start":{"line":67,"column":8},"end":{"line":69,"column":9}},"28":{"start":{"line":68,"column":12},"end":{"line":68,"column":28}},"29":{"start":{"line":70,"column":8},"end":{"line":70,"column":20}},"30":{"start":{"line":74,"column":0},"end":{"line":74,"column":27}}},"fnMap":{"0":{"name":"(anonymous_0)","decl":{"start":{"line":4,"column":18},"end":{"line":4,"column":19}},"loc":{"start":{"line":4,"column":30},"end":{"line":72,"column":1}},"line":4},"1":{"name":"(anonymous_1)","decl":{"start":{"line":40,"column":44},"end":{"line":40,"column":45}},"loc":{"start":{"line":40,"column":50},"end":{"line":42,"column":9}},"line":40},"2":{"name":"(anonymous_2)","decl":{"start":{"line":44,"column":40},"end":{"line":44,"column":41}},"loc":{"start":{"line":44,"column":49},"end":{"line":46,"column":9}},"line":44},"3":{"name":"(anonymous_3)","decl":{"start":{"line":48,"column":47},"end":{"line":48,"column":48}},"loc":{"start":{"line":48,"column":53},"end":{"line":50,"column":9}},"line":48},"4":{"name":"(anonymous_4)","decl":{"start":{"line":53,"column":29},"end":{"line":53,"column":30}},"loc":{"start":{"line":53,"column":41},"end":{"line":62,"column":9}},"line":53}},"branchMap":{"0":{"loc":{"start":{"line":22,"column":25},"end":{"line":24,"column":78}},"type":"cond-expr","locations":[{"start":{"line":23,"column":14},"end":{"line":23,"column":37}},{"start":{"line":24,"column":14},"end":{"line":24,"column":78}}],"line":22},"1":{"loc":{"start":{"line":24,"column":14},"end":{"line":24,"column":78}},"type":"binary-expr","locations":[{"start":{"line":24,"column":14},"end":{"line":24,"column":37}},{"start":{"line":24,"column":41},"end":{"line":24,"column":78}}],"line":24},"2":{"loc":{"start":{"line":27,"column":8},"end":{"line":32,"column":9}},"type":"if","locations":[{"start":{"line":27,"column":8},"end":{"line":32,"column":9}},{"start":{},"end":{}}],"line":27},"3":{"loc":{"start":{"line":67,"column":8},"end":{"line":69,"column":9}},"type":"if","locations":[{"start":{"line":67,"column":8},"end":{"line":69,"column":9}},{"start":{},"end":{}}],"line":67}},"s":{"0":2,"1":2,"2":2,"3":2,"4":2,"5":2,"6":2,"7":2,"8":2,"9":2,"10":2,"11":2,"12":0,"13":0,"14":0,"15":0,"16":0,"17":0,"18":0,"19":0,"20":0,"21":0,"22":0,"23":0,"24":0,"25":0,"26":2,"27":2,"28":0,"29":2,"30":2},"f":{"0":2,"1":0,"2":0,"3":0,"4":0},"b":{"0":[2,0],"1":[0,0],"2":[2,0],"3":[0,2]},"_coverageSchema":"1a1c01bbd47fc00a2c39e90264f33305004495a9","hash":"9eaf507e5f4e4a64a602abe9ad2e82cb2040a7c8"}
,"/project/sandbox/user-workspace/solid-car-customer/backend/middleware/auth.js": {"path":"/project/sandbox/user-workspace/solid-car-customer/backend/middleware/auth.js","statementMap":{"0":{"start":{"line":1,"column":12},"end":{"line":1,"column":35}},"1":{"start":{"line":2,"column":15},"end":{"line":2,"column":42}},"2":{"start":{"line":3,"column":40},"end":{"line":3,"column":58}},"3":{"start":{"line":12,"column":4},"end":{"line":96,"column":6}},"4":{"start":{"line":13,"column":8},"end":{"line":95,"column":9}},"5":{"start":{"line":15,"column":26},"end":{"line":15,"column":98}},"6":{"start":{"line":18,"column":12},"end":{"line":20,"column":13}},"7":{"start":{"line":19,"column":16},"end":{"line":19,"column":30}},"8":{"start":{"line":22,"column":12},"end":{"line":24,"column":13}},"9":{"start":{"line":23,"column":16},"end":{"line":23,"column":82}},"10":{"start":{"line":26,"column":12},"end":{"line":82,"column":13}},"11":{"start":{"line":28,"column":32},"end":{"line":32,"column":18}},"12":{"start":{"line":35,"column":28},"end":{"line":35,"column":57}},"13":{"start":{"line":36,"column":16},"end":{"line":38,"column":17}},"14":{"start":{"line":37,"column":20},"end":{"line":37,"column":71}},"15":{"start":{"line":41,"column":16},"end":{"line":43,"column":17}},"16":{"start":{"line":42,"column":20},"end":{"line":42,"column":73}},"17":{"start":{"line":46,"column":16},"end":{"line":55,"column":17}},"18":{"start":{"line":47,"column":38},"end":{"line":47,"column":57}},"19":{"start":{"line":48,"column":44},"end":{"line":50,"column":21}},"20":{"start":{"line":49,"column":24},"end":{"line":49,"column":48}},"21":{"start":{"line":52,"column":20},"end":{"line":54,"column":21}},"22":{"start":{"line":53,"column":24},"end":{"line":53,"column":82}},"23":{"start":{"line":58,"column":16},"end":{"line":63,"column":18}},"24":{"start":{"line":66,"column":16},"end":{"line":69,"column":18}},"25":{"start":{"line":71,"column":16},"end":{"line":71,"column":23}},"26":{"start":{"line":74,"column":16},"end":{"line":80,"column":17}},"27":{"start":{"line":75,"column":20},"end":{"line":75,"column":74}},"28":{"start":{"line":76,"column":23},"end":{"line":80,"column":17}},"29":{"start":{"line":77,"column":20},"end":{"line":77,"column":71}},"30":{"start":{"line":78,"column":23},"end":{"line":80,"column":17}},"31":{"start":{"line":79,"column":20},"end":{"line":79,"column":73}},"32":{"start":{"line":81,"column":16},"end":{"line":81,"column":31}},"33":{"start":{"line":85,"column":12},"end":{"line":92,"column":15}},"34":{"start":{"line":94,"column":12},"end":{"line":94,"column":24}},"35":{"start":{"line":100,"column":0},"end":{"line":102,"column":2}},"36":{"start":{"line":101,"column":4},"end":{"line":101,"column":37}},"37":{"start":{"line":105,"column":0},"end":{"line":107,"column":2}},"38":{"start":{"line":106,"column":4},"end":{"line":106,"column":46}},"39":{"start":{"line":109,"column":0},"end":{"line":109,"column":32}}},"fnMap":{"0":{"name":"authMiddleware","decl":{"start":{"line":11,"column":9},"end":{"line":11,"column":23}},"loc":{"start":{"line":11,"column":38},"end":{"line":97,"column":1}},"line":11},"1":{"name":"(anonymous_1)","decl":{"start":{"line":12,"column":11},"end":{"line":12,"column":12}},"loc":{"start":{"line":12,"column":37},"end":{"line":96,"column":5}},"line":12},"2":{"name":"(anonymous_2)","decl":{"start":{"line":48,"column":63},"end":{"line":48,"column":64}},"loc":{"start":{"line":49,"column":24},"end":{"line":49,"column":48}},"line":49},"3":{"name":"(anonymous_3)","decl":{"start":{"line":100,"column":30},"end":{"line":100,"column":31}},"loc":{"start":{"line":100,"column":44},"end":{"line":102,"column":1}},"line":100},"4":{"name":"(anonymous_4)","decl":{"start":{"line":105,"column":26},"end":{"line":105,"column":27}},"loc":{"start":{"line":105,"column":32},"end":{"line":107,"column":1}},"line":105}},"branchMap":{"0":{"loc":{"start":{"line":11,"column":24},"end":{"line":11,"column":36}},"type":"default-arg","locations":[{"start":{"line":11,"column":34},"end":{"line":11,"column":36}}],"line":11},"1":{"loc":{"start":{"line":15,"column":26},"end":{"line":15,"column":98}},"type":"binary-expr","locations":[{"start":{"line":15,"column":26},"end":{"line":15,"column":43}},{"start":{"line":15,"column":47},"end":{"line":15,"column":98}}],"line":15},"2":{"loc":{"start":{"line":18,"column":12},"end":{"line":20,"column":13}},"type":"if","locations":[{"start":{"line":18,"column":12},"end":{"line":20,"column":13}},{"start":{},"end":{}}],"line":18},"3":{"loc":{"start":{"line":18,"column":16},"end":{"line":18,"column":42}},"type":"binary-expr","locations":[{"start":{"line":18,"column":16},"end":{"line":18,"column":22}},{"start":{"line":18,"column":26},"end":{"line":18,"column":42}}],"line":18},"4":{"loc":{"start":{"line":22,"column":12},"end":{"line":24,"column":13}},"type":"if","locations":[{"start":{"line":22,"column":12},"end":{"line":24,"column":13}},{"start":{},"end":{}}],"line":22},"5":{"loc":{"start":{"line":36,"column":16},"end":{"line":38,"column":17}},"type":"if","locations":[{"start":{"line":36,"column":16},"end":{"line":38,"column":17}},{"start":{},"end":{}}],"line":36},"6":{"loc":{"start":{"line":36,"column":20},"end":{"line":36,"column":52}},"type":"binary-expr","locations":[{"start":{"line":36,"column":20},"end":{"line":36,"column":31}},{"start":{"line":36,"column":35},"end":{"line":36,"column":52}}],"line":36},"7":{"loc":{"start":{"line":41,"column":16},"end":{"line":43,"column":17}},"type":"if","locations":[{"start":{"line":41,"column":16},"end":{"line":43,"column":17}},{"start":{},"end":{}}],"line":41},"8":{"loc":{"start":{"line":41,"column":20},"end":{"line":41,"column":52}},"type":"binary-expr","locations":[{"start":{"line":41,"column":20},"end":{"line":41,"column":31}},{"start":{"line":41,"column":35},"end":{"line":41,"column":52}}],"line":41},"9":{"loc":{"start":{"line":46,"column":16},"end":{"line":55,"column":17}},"type":"if","locations":[{"start":{"line":46,"column":16},"end":{"line":55,"column":17}},{"start":{},"end":{}}],"line":46},"10":{"loc":{"start":{"line":46,"column":20},"end":{"line":46,"column":61}},"type":"binary-expr","locations":[{"start":{"line":46,"column":20},"end":{"line":46,"column":33}},{"start":{"line":46,"column":37},"end":{"line":46,"column":61}}],"line":46},"11":{"loc":{"start":{"line":47,"column":38},"end":{"line":47,"column":57}},"type":"binary-expr","locations":[{"start":{"line":47,"column":38},"end":{"line":47,"column":51}},{"start":{"line":47,"column":55},"end":{"line":47,"column":57}}],"line":47},"12":{"loc":{"start":{"line":52,"column":20},"end":{"line":54,"column":21}},"type":"if","locations":[{"start":{"line":52,"column":20},"end":{"line":54,"column":21}},{"start":{},"end":{}}],"line":52},"13":{"loc":{"start":{"line":61,"column":27},"end":{"line":61,"column":46}},"type":"binary-expr","locations":[{"start":{"line":61,"column":27},"end":{"line":61,"column":40}},{"start":{"line":61,"column":44},"end":{"line":61,"column":46}}],"line":61},"14":{"loc":{"start":{"line":74,"column":16},"end":{"line":80,"column":17}},"type":"if","locations":[{"start":{"line":74,"column":16},"end":{"line":80,"column":17}},{"start":{"line":76,"column":23},"end":{"line":80,"column":17}}],"line":74},"15":{"loc":{"start":{"line":76,"column":23},"end":{"line":80,"column":17}},"type":"if","locations":[{"start":{"line":76,"column":23},"end":{"line":80,"column":17}},{"start":{"line":78,"column":23},"end":{"line":80,"column":17}}],"line":76},"16":{"loc":{"start":{"line":78,"column":23},"end":{"line":80,"column":17}},"type":"if","locations":[{"start":{"line":78,"column":23},"end":{"line":80,"column":17}},{"start":{},"end":{}}],"line":78}},"s":{"0":3,"1":3,"2":3,"3":19,"4":0,"5":0,"6":0,"7":0,"8":0,"9":0,"10":0,"11":0,"12":0,"13":0,"14":0,"15":0,"16":0,"17":0,"18":0,"19":0,"20":0,"21":0,"22":0,"23":0,"24":0,"25":0,"26":0,"27":0,"28":0,"29":0,"30":0,"31":0,"32":0,"33":0,"34":0,"35":3,"36":0,"37":3,"38":0,"39":3},"f":{"0":19,"1":0,"2":0,"3":0,"4":0},"b":{"0":[0],"1":[0,0],"2":[0,0],"3":[0,0],"4":[0,0],"5":[0,0],"6":[0,0],"7":[0,0],"8":[0,0],"9":[0,0],"10":[0,0],"11":[0,0],"12":[0,0],"13":[0,0],"14":[0,0],"15":[0,0],"16":[0,0]},"_coverageSchema":"1a1c01bbd47fc00a2c39e90264f33305004495a9","hash":"a824ea90f0a8ccbd22fec470df1abba6b16bb107"}
,"/project/sandbox/user-workspace/solid-car-customer/backend/middleware/error.js": {"path":"/project/sandbox/user-workspace/solid-car-customer/backend/middleware/error.js","statementMap":{"0":{"start":{"line":1,"column":16},"end":{"line":1,"column":34}},"1":{"start":{"line":2,"column":15},"end":{"line":2,"column":42}},"2":{"start":{"line":5,"column":20},"end":{"line":15,"column":1}},"3":{"start":{"line":18,"column":18},"end":{"line":18,"column":44}},"4":{"start":{"line":21,"column":15},"end":{"line":60,"column":2}},"5":{"start":{"line":28,"column":30},"end":{"line":28,"column":67}},"6":{"start":{"line":29,"column":27},"end":{"line":29,"column":55}},"7":{"start":{"line":30,"column":29},"end":{"line":30,"column":52}},"8":{"start":{"line":31,"column":36},"end":{"line":31,"column":80}},"9":{"start":{"line":33,"column":12},"end":{"line":33,"column":128}},"10":{"start":{"line":63,"column":0},"end":{"line":70,"column":1}},"11":{"start":{"line":64,"column":4},"end":{"line":69,"column":8}},"12":{"start":{"line":73,"column":23},"end":{"line":113,"column":1}},"13":{"start":{"line":75,"column":4},"end":{"line":75,"column":86}},"14":{"start":{"line":78,"column":4},"end":{"line":78,"column":38}},"15":{"start":{"line":81,"column":4},"end":{"line":88,"column":7}},"16":{"start":{"line":91,"column":4},"end":{"line":110,"column":7}},"17":{"start":{"line":92,"column":25},"end":{"line":92,"column":58}},"18":{"start":{"line":93,"column":8},"end":{"line":98,"column":11}},"19":{"start":{"line":101,"column":8},"end":{"line":109,"column":9}},"20":{"start":{"line":102,"column":12},"end":{"line":108,"column":15}},"21":{"start":{"line":112,"column":4},"end":{"line":112,"column":11}},"22":{"start":{"line":116,"column":26},"end":{"line":119,"column":1}},"23":{"start":{"line":117,"column":17},"end":{"line":117,"column":38}},"24":{"start":{"line":118,"column":4},"end":{"line":118,"column":55}},"25":{"start":{"line":122,"column":21},"end":{"line":174,"column":1}},"26":{"start":{"line":123,"column":21},"end":{"line":123,"column":54}},"27":{"start":{"line":126,"column":4},"end":{"line":142,"column":7}},"28":{"start":{"line":145,"column":23},"end":{"line":145,"column":44}},"29":{"start":{"line":146,"column":22},"end":{"line":146,"column":60}},"30":{"start":{"line":149,"column":18},"end":{"line":149,"column":29}},"31":{"start":{"line":150,"column":4},"end":{"line":154,"column":5}},"32":{"start":{"line":151,"column":8},"end":{"line":153,"column":24}},"33":{"start":{"line":157,"column":4},"end":{"line":167,"column":7}},"34":{"start":{"line":170,"column":4},"end":{"line":173,"column":5}},"35":{"start":{"line":179,"column":8},"end":{"line":179,"column":23}},"36":{"start":{"line":180,"column":8},"end":{"line":180,"column":37}},"37":{"start":{"line":181,"column":8},"end":{"line":181,"column":25}},"38":{"start":{"line":182,"column":8},"end":{"line":182,"column":31}},"39":{"start":{"line":183,"column":8},"end":{"line":183,"column":30}},"40":{"start":{"line":184,"column":8},"end":{"line":184,"column":56}},"41":{"start":{"line":190,"column":8},"end":{"line":190,"column":67}},"42":{"start":{"line":196,"column":8},"end":{"line":196,"column":62}},"43":{"start":{"line":202,"column":8},"end":{"line":202,"column":61}},"44":{"start":{"line":208,"column":8},"end":{"line":208,"column":76}},"45":{"start":{"line":214,"column":8},"end":{"line":214,"column":81}},"46":{"start":{"line":219,"column":22},"end":{"line":229,"column":1}},"47":{"start":{"line":220,"column":17},"end":{"line":220,"column":38}},"48":{"start":{"line":221,"column":4},"end":{"line":228,"column":7}},"49":{"start":{"line":232,"column":0},"end":{"line":232,"column":35}},"50":{"start":{"line":234,"column":0},"end":{"line":245,"column":2}}},"fnMap":{"0":{"name":"(anonymous_0)","decl":{"start":{"line":27,"column":30},"end":{"line":27,"column":31}},"loc":{"start":{"line":27,"column":82},"end":{"line":34,"column":9}},"line":27},"1":{"name":"(anonymous_1)","decl":{"start":{"line":73,"column":23},"end":{"line":73,"column":24}},"loc":{"start":{"line":73,"column":43},"end":{"line":113,"column":1}},"line":73},"2":{"name":"(anonymous_2)","decl":{"start":{"line":91,"column":21},"end":{"line":91,"column":22}},"loc":{"start":{"line":91,"column":27},"end":{"line":110,"column":5}},"line":91},"3":{"name":"(anonymous_3)","decl":{"start":{"line":116,"column":26},"end":{"line":116,"column":27}},"loc":{"start":{"line":116,"column":37},"end":{"line":119,"column":1}},"line":116},"4":{"name":"(anonymous_4)","decl":{"start":{"line":122,"column":21},"end":{"line":122,"column":22}},"loc":{"start":{"line":122,"column":46},"end":{"line":174,"column":1}},"line":122},"5":{"name":"(anonymous_5)","decl":{"start":{"line":178,"column":4},"end":{"line":178,"column":5}},"loc":{"start":{"line":178,"column":57},"end":{"line":185,"column":5}},"line":178},"6":{"name":"(anonymous_6)","decl":{"start":{"line":189,"column":4},"end":{"line":189,"column":5}},"loc":{"start":{"line":189,"column":39},"end":{"line":191,"column":5}},"line":189},"7":{"name":"(anonymous_7)","decl":{"start":{"line":195,"column":4},"end":{"line":195,"column":5}},"loc":{"start":{"line":195,"column":51},"end":{"line":197,"column":5}},"line":195},"8":{"name":"(anonymous_8)","decl":{"start":{"line":201,"column":4},"end":{"line":201,"column":5}},"loc":{"start":{"line":201,"column":68},"end":{"line":203,"column":5}},"line":201},"9":{"name":"(anonymous_9)","decl":{"start":{"line":207,"column":4},"end":{"line":207,"column":5}},"loc":{"start":{"line":207,"column":39},"end":{"line":209,"column":5}},"line":207},"10":{"name":"(anonymous_10)","decl":{"start":{"line":213,"column":4},"end":{"line":213,"column":5}},"loc":{"start":{"line":213,"column":39},"end":{"line":215,"column":5}},"line":213},"11":{"name":"(anonymous_11)","decl":{"start":{"line":219,"column":22},"end":{"line":219,"column":23}},"loc":{"start":{"line":219,"column":28},"end":{"line":229,"column":1}},"line":219}},"branchMap":{"0":{"loc":{"start":{"line":22,"column":11},"end":{"line":22,"column":42}},"type":"binary-expr","locations":[{"start":{"line":22,"column":11},"end":{"line":22,"column":32}},{"start":{"line":22,"column":36},"end":{"line":22,"column":42}}],"line":22},"1":{"loc":{"start":{"line":28,"column":30},"end":{"line":28,"column":67}},"type":"binary-expr","locations":[{"start":{"line":28,"column":30},"end":{"line":28,"column":48}},{"start":{"line":28,"column":52},"end":{"line":28,"column":67}}],"line":28},"2":{"loc":{"start":{"line":29,"column":27},"end":{"line":29,"column":55}},"type":"binary-expr","locations":[{"start":{"line":29,"column":27},"end":{"line":29,"column":42}},{"start":{"line":29,"column":46},"end":{"line":29,"column":55}}],"line":29},"3":{"loc":{"start":{"line":30,"column":29},"end":{"line":30,"column":52}},"type":"binary-expr","locations":[{"start":{"line":30,"column":29},"end":{"line":30,"column":46}},{"start":{"line":30,"column":50},"end":{"line":30,"column":52}}],"line":30},"4":{"loc":{"start":{"line":31,"column":36},"end":{"line":31,"column":80}},"type":"cond-expr","locations":[{"start":{"line":31,"column":47},"end":{"line":31,"column":75}},{"start":{"line":31,"column":78},"end":{"line":31,"column":80}}],"line":31},"5":{"loc":{"start":{"line":33,"column":100},"end":{"line":33,"column":125}},"type":"cond-expr","locations":[{"start":{"line":33,"column":108},"end":{"line":33,"column":120}},{"start":{"line":33,"column":123},"end":{"line":33,"column":125}}],"line":33},"6":{"loc":{"start":{"line":63,"column":0},"end":{"line":70,"column":1}},"type":"if","locations":[{"start":{"line":63,"column":0},"end":{"line":70,"column":1}},{"start":{},"end":{}}],"line":63},"7":{"loc":{"start":{"line":75,"column":13},"end":{"line":75,"column":85}},"type":"binary-expr","locations":[{"start":{"line":75,"column":13},"end":{"line":75,"column":19}},{"start":{"line":75,"column":23},"end":{"line":75,"column":85}}],"line":75},"8":{"loc":{"start":{"line":101,"column":8},"end":{"line":109,"column":9}},"type":"if","locations":[{"start":{"line":101,"column":8},"end":{"line":109,"column":9}},{"start":{},"end":{}}],"line":101},"9":{"loc":{"start":{"line":145,"column":23},"end":{"line":145,"column":44}},"type":"binary-expr","locations":[{"start":{"line":145,"column":23},"end":{"line":145,"column":37}},{"start":{"line":145,"column":41},"end":{"line":145,"column":44}}],"line":145},"10":{"loc":{"start":{"line":146,"column":22},"end":{"line":146,"column":60}},"type":"binary-expr","locations":[{"start":{"line":146,"column":22},"end":{"line":146,"column":30}},{"start":{"line":146,"column":34},"end":{"line":146,"column":60}}],"line":146},"11":{"loc":{"start":{"line":150,"column":4},"end":{"line":154,"column":5}},"type":"if","locations":[{"start":{"line":150,"column":4},"end":{"line":154,"column":5}},{"start":{},"end":{}}],"line":150},"12":{"loc":{"start":{"line":151,"column":18},"end":{"line":153,"column":23}},"type":"cond-expr","locations":[{"start":{"line":152,"column":12},"end":{"line":152,"column":47}},{"start":{"line":153,"column":12},"end":{"line":153,"column":23}}],"line":151},"13":{"loc":{"start":{"line":163,"column":12},"end":{"line":166,"column":9}},"type":"binary-expr","locations":[{"start":{"line":163,"column":12},"end":{"line":163,"column":49}},{"start":{"line":163,"column":53},"end":{"line":166,"column":9}}],"line":163},"14":{"loc":{"start":{"line":170,"column":4},"end":{"line":173,"column":5}},"type":"if","locations":[{"start":{"line":170,"column":4},"end":{"line":173,"column":5}},{"start":{},"end":{}}],"line":170},"15":{"loc":{"start":{"line":178,"column":43},"end":{"line":178,"column":55}},"type":"default-arg","locations":[{"start":{"line":178,"column":53},"end":{"line":178,"column":55}}],"line":178},"16":{"loc":{"start":{"line":189,"column":25},"end":{"line":189,"column":37}},"type":"default-arg","locations":[{"start":{"line":189,"column":35},"end":{"line":189,"column":37}}],"line":189},"17":{"loc":{"start":{"line":195,"column":16},"end":{"line":195,"column":49}},"type":"default-arg","locations":[{"start":{"line":195,"column":26},"end":{"line":195,"column":49}}],"line":195},"18":{"loc":{"start":{"line":201,"column":16},"end":{"line":201,"column":66}},"type":"default-arg","locations":[{"start":{"line":201,"column":26},"end":{"line":201,"column":66}}],"line":201},"19":{"loc":{"start":{"line":207,"column":16},"end":{"line":207,"column":37}},"type":"default-arg","locations":[{"start":{"line":207,"column":27},"end":{"line":207,"column":37}}],"line":207},"20":{"loc":{"start":{"line":213,"column":16},"end":{"line":213,"column":37}},"type":"default-arg","locations":[{"start":{"line":213,"column":27},"end":{"line":213,"column":37}}],"line":213}},"s":{"0":4,"1":4,"2":4,"3":4,"4":4,"5":124,"6":124,"7":124,"8":124,"9":124,"10":4,"11":4,"12":4,"13":43,"14":43,"15":43,"16":43,"17":29,"18":29,"19":29,"20":0,"21":43,"22":4,"23":35,"24":35,"25":4,"26":6,"27":6,"28":6,"29":6,"30":6,"31":6,"32":0,"33":6,"34":6,"35":6,"36":6,"37":6,"38":6,"39":6,"40":6,"41":3,"42":0,"43":0,"44":0,"45":0,"46":4,"47":1,"48":1,"49":4,"50":4},"f":{"0":124,"1":43,"2":29,"3":35,"4":6,"5":6,"6":3,"7":0,"8":0,"9":0,"10":0,"11":1},"b":{"0":[4,0],"1":[124,38],"2":[124,124],"3":[124,95],"4":[29,95],"5":[0,124],"6":[4,0],"7":[43,43],"8":[0,29],"9":[6,0],"10":[6,0],"11":[0,6],"12":[0,0],"13":[6,6],"14":[0,6],"15":[3],"16":[0],"17":[0],"18":[0],"19":[0],"20":[0]},"_coverageSchema":"1a1c01bbd47fc00a2c39e90264f33305004495a9","hash":"a4e50409b22ddf34d617f0d788f19c188f676f11"}
,"/project/sandbox/user-workspace/solid-car-customer/backend/middleware/validate.js": {"path":"/project/sandbox/user-workspace/solid-car-customer/backend/middleware/validate.js","statementMap":{"0":{"start":{"line":1,"column":49},"end":{"line":1,"column":77}},"1":{"start":{"line":2,"column":28},"end":{"line":2,"column":46}},"2":{"start":{"line":5,"column":24},"end":{"line":23,"column":1}},"3":{"start":{"line":6,"column":19},"end":{"line":6,"column":40}},"4":{"start":{"line":7,"column":4},"end":{"line":21,"column":5}},"5":{"start":{"line":8,"column":33},"end":{"line":14,"column":14}},"6":{"start":{"line":9,"column":12},"end":{"line":11,"column":13}},"7":{"start":{"line":10,"column":16},"end":{"line":10,"column":38}},"8":{"start":{"line":12,"column":12},"end":{"line":12,"column":45}},"9":{"start":{"line":13,"column":12},"end":{"line":13,"column":23}},"10":{"start":{"line":16,"column":8},"end":{"line":20,"column":11}},"11":{"start":{"line":22,"column":4},"end":{"line":22,"column":11}},"12":{"start":{"line":26,"column":25},"end":{"line":54,"column":1}},"13":{"start":{"line":57,"column":24},"end":{"line":100,"column":1}},"14":{"start":{"line":74,"column":34},"end":{"line":74,"column":50}},"15":{"start":{"line":76,"column":34},"end":{"line":79,"column":13}},"16":{"start":{"line":80,"column":12},"end":{"line":80,"column":78}},"17":{"start":{"line":80,"column":45},"end":{"line":80,"column":76}},"18":{"start":{"line":103,"column":27},"end":{"line":110,"column":1}},"19":{"start":{"line":113,"column":32},"end":{"line":120,"column":1}},"20":{"start":{"line":123,"column":37},"end":{"line":126,"column":1}},"21":{"start":{"line":129,"column":32},"end":{"line":132,"column":1}},"22":{"start":{"line":135,"column":24},"end":{"line":164,"column":1}},"23":{"start":{"line":146,"column":25},"end":{"line":146,"column":54}},"24":{"start":{"line":151,"column":36},"end":{"line":151,"column":82}},"25":{"start":{"line":167,"column":29},"end":{"line":184,"column":1}},"26":{"start":{"line":186,"column":0},"end":{"line":196,"column":2}}},"fnMap":{"0":{"name":"(anonymous_0)","decl":{"start":{"line":5,"column":24},"end":{"line":5,"column":25}},"loc":{"start":{"line":5,"column":44},"end":{"line":23,"column":1}},"line":5},"1":{"name":"(anonymous_1)","decl":{"start":{"line":8,"column":55},"end":{"line":8,"column":56}},"loc":{"start":{"line":8,"column":71},"end":{"line":14,"column":9}},"line":8},"2":{"name":"(anonymous_2)","decl":{"start":{"line":74,"column":25},"end":{"line":74,"column":26}},"loc":{"start":{"line":74,"column":34},"end":{"line":74,"column":50}},"line":74},"3":{"name":"(anonymous_3)","decl":{"start":{"line":75,"column":16},"end":{"line":75,"column":17}},"loc":{"start":{"line":75,"column":28},"end":{"line":81,"column":9}},"line":75},"4":{"name":"(anonymous_4)","decl":{"start":{"line":80,"column":34},"end":{"line":80,"column":35}},"loc":{"start":{"line":80,"column":45},"end":{"line":80,"column":76}},"line":80},"5":{"name":"(anonymous_5)","decl":{"start":{"line":146,"column":16},"end":{"line":146,"column":17}},"loc":{"start":{"line":146,"column":25},"end":{"line":146,"column":54}},"line":146},"6":{"name":"(anonymous_6)","decl":{"start":{"line":151,"column":16},"end":{"line":151,"column":17}},"loc":{"start":{"line":151,"column":36},"end":{"line":151,"column":82}},"line":151}},"branchMap":{"0":{"loc":{"start":{"line":7,"column":4},"end":{"line":21,"column":5}},"type":"if","locations":[{"start":{"line":7,"column":4},"end":{"line":21,"column":5}},{"start":{},"end":{}}],"line":7},"1":{"loc":{"start":{"line":9,"column":12},"end":{"line":11,"column":13}},"type":"if","locations":[{"start":{"line":9,"column":12},"end":{"line":11,"column":13}},{"start":{},"end":{}}],"line":9}},"s":{"0":2,"1":2,"2":2,"3":0,"4":0,"5":0,"6":0,"7":0,"8":0,"9":0,"10":0,"11":0,"12":2,"13":2,"14":0,"15":0,"16":0,"17":0,"18":2,"19":2,"20":2,"21":2,"22":2,"23":0,"24":0,"25":2,"26":2},"f":{"0":0,"1":0,"2":0,"3":0,"4":0,"5":0,"6":0},"b":{"0":[0,0],"1":[0,0]},"_coverageSchema":"1a1c01bbd47fc00a2c39e90264f33305004495a9","hash":"dc53c335caca0bbb50ee419b560d03e1e149ef9b"}
,"/project/sandbox/user-workspace/solid-car-customer/backend/middleware/validateJoi.js": {"path":"/project/sandbox/user-workspace/solid-car-customer/backend/middleware/validateJoi.js","statementMap":{"0":{"start":{"line":1,"column":28},"end":{"line":1,"column":46}},"1":{"start":{"line":9,"column":20},"end":{"line":35,"column":1}},"2":{"start":{"line":10,"column":4},"end":{"line":34,"column":6}},"3":{"start":{"line":11,"column":33},"end":{"line":11,"column":61}},"4":{"start":{"line":13,"column":8},"end":{"line":29,"column":9}},"5":{"start":{"line":15,"column":37},"end":{"line":22,"column":18}},"6":{"start":{"line":16,"column":28},"end":{"line":16,"column":49}},"7":{"start":{"line":17,"column":16},"end":{"line":19,"column":17}},"8":{"start":{"line":18,"column":20},"end":{"line":18,"column":34}},"9":{"start":{"line":20,"column":16},"end":{"line":20,"column":46}},"10":{"start":{"line":21,"column":16},"end":{"line":21,"column":27}},"11":{"start":{"line":24,"column":12},"end":{"line":28,"column":15}},"12":{"start":{"line":32,"column":8},"end":{"line":32,"column":28}},"13":{"start":{"line":33,"column":8},"end":{"line":33,"column":15}},"14":{"start":{"line":37,"column":0},"end":{"line":37,"column":29}}},"fnMap":{"0":{"name":"(anonymous_0)","decl":{"start":{"line":9,"column":20},"end":{"line":9,"column":21}},"loc":{"start":{"line":9,"column":49},"end":{"line":35,"column":1}},"line":9},"1":{"name":"(anonymous_1)","decl":{"start":{"line":10,"column":11},"end":{"line":10,"column":12}},"loc":{"start":{"line":10,"column":31},"end":{"line":34,"column":5}},"line":10},"2":{"name":"(anonymous_2)","decl":{"start":{"line":15,"column":58},"end":{"line":15,"column":59}},"loc":{"start":{"line":15,"column":75},"end":{"line":22,"column":13}},"line":15}},"branchMap":{"0":{"loc":{"start":{"line":9,"column":29},"end":{"line":9,"column":44}},"type":"default-arg","locations":[{"start":{"line":9,"column":38},"end":{"line":9,"column":44}}],"line":9},"1":{"loc":{"start":{"line":13,"column":8},"end":{"line":29,"column":9}},"type":"if","locations":[{"start":{"line":13,"column":8},"end":{"line":29,"column":9}},{"start":{},"end":{}}],"line":13},"2":{"loc":{"start":{"line":17,"column":16},"end":{"line":19,"column":17}},"type":"if","locations":[{"start":{"line":17,"column":16},"end":{"line":19,"column":17}},{"start":{},"end":{}}],"line":17}},"s":{"0":2,"1":2,"2":10,"3":15,"4":15,"5":3,"6":3,"7":3,"8":3,"9":3,"10":3,"11":3,"12":12,"13":12,"14":2},"f":{"0":10,"1":15,"2":3},"b":{"0":[10],"1":[3,12],"2":[3,0]},"_coverageSchema":"1a1c01bbd47fc00a2c39e90264f33305004495a9","hash":"7311cdb53fa9bcdef4aa957e070e141223dd64da"}
,"/project/sandbox/user-workspace/solid-car-customer/backend/middleware/validationSchemas.js": {"path":"/project/sandbox/user-workspace/solid-car-customer/backend/middleware/validationSchemas.js","statementMap":{"0":{"start":{"line":1,"column":12},"end":{"line":1,"column":26}},"1":{"start":{"line":4,"column":17},"end":{"line":16,"column":3}},"2":{"start":{"line":4,"column":38},"end":{"line":16,"column":1}},"3":{"start":{"line":11,"column":8},"end":{"line":13,"column":9}},"4":{"start":{"line":12,"column":12},"end":{"line":12,"column":69}},"5":{"start":{"line":14,"column":8},"end":{"line":14,"column":25}},"6":{"start":{"line":19,"column":25},"end":{"line":19,"column":95}},"7":{"start":{"line":20,"column":23},"end":{"line":20,"column":40}},"8":{"start":{"line":21,"column":25},"end":{"line":21,"column":52}},"9":{"start":{"line":24,"column":23},"end":{"line":33,"column":1}},"10":{"start":{"line":35,"column":23},"end":{"line":89,"column":2}},"11":{"start":{"line":91,"column":20},"end":{"line":105,"column":2}},"12":{"start":{"line":107,"column":28},"end":{"line":145,"column":2}},"13":{"start":{"line":147,"column":0},"end":{"line":151,"column":2}}},"fnMap":{"0":{"name":"(anonymous_0)","decl":{"start":{"line":4,"column":28},"end":{"line":4,"column":29}},"loc":{"start":{"line":4,"column":38},"end":{"line":16,"column":1}},"line":4},"1":{"name":"(anonymous_1)","decl":{"start":{"line":10,"column":4},"end":{"line":10,"column":5}},"loc":{"start":{"line":10,"column":29},"end":{"line":15,"column":5}},"line":10}},"branchMap":{"0":{"loc":{"start":{"line":11,"column":8},"end":{"line":13,"column":9}},"type":"if","locations":[{"start":{"line":11,"column":8},"end":{"line":13,"column":9}},{"start":{},"end":{}}],"line":11}},"s":{"0":2,"1":2,"2":2,"3":0,"4":0,"5":0,"6":2,"7":2,"8":2,"9":2,"10":2,"11":2,"12":2,"13":2},"f":{"0":2,"1":0},"b":{"0":[0,0]},"_coverageSchema":"1a1c01bbd47fc00a2c39e90264f33305004495a9","hash":"5f1b454557e716bd3a0a2860f69933d0d7128a35"}
,"/project/sandbox/user-workspace/solid-car-customer/backend/models/User.js": {"path":"/project/sandbox/user-workspace/solid-car-customer/backend/models/User.js","statementMap":{"0":{"start":{"line":1,"column":17},"end":{"line":1,"column":36}},"1":{"start":{"line":2,"column":15},"end":{"line":2,"column":34}},"2":{"start":{"line":4,"column":19},"end":{"line":90,"column":2}},"3":{"start":{"line":20,"column":16},"end":{"line":20,"column":78}},"4":{"start":{"line":36,"column":16},"end":{"line":36,"column":58}},"5":{"start":{"line":93,"column":0},"end":{"line":93,"column":31}},"6":{"start":{"line":94,"column":0},"end":{"line":94,"column":43}},"7":{"start":{"line":95,"column":0},"end":{"line":95,"column":44}},"8":{"start":{"line":98,"column":0},"end":{"line":108,"column":3}},"9":{"start":{"line":99,"column":4},"end":{"line":99,"column":52}},"10":{"start":{"line":99,"column":38},"end":{"line":99,"column":52}},"11":{"start":{"line":101,"column":4},"end":{"line":107,"column":5}},"12":{"start":{"line":102,"column":21},"end":{"line":102,"column":45}},"13":{"start":{"line":103,"column":8},"end":{"line":103,"column":63}},"14":{"start":{"line":104,"column":8},"end":{"line":104,"column":15}},"15":{"start":{"line":106,"column":8},"end":{"line":106,"column":20}},"16":{"start":{"line":111,"column":0},"end":{"line":117,"column":2}},"17":{"start":{"line":112,"column":4},"end":{"line":116,"column":5}},"18":{"start":{"line":113,"column":8},"end":{"line":113,"column":70}},"19":{"start":{"line":115,"column":8},"end":{"line":115,"column":20}},"20":{"start":{"line":120,"column":0},"end":{"line":122,"column":2}},"21":{"start":{"line":121,"column":4},"end":{"line":121,"column":61}},"22":{"start":{"line":125,"column":0},"end":{"line":127,"column":2}},"23":{"start":{"line":126,"column":4},"end":{"line":126,"column":55}},"24":{"start":{"line":130,"column":0},"end":{"line":143,"column":2}},"25":{"start":{"line":131,"column":21},"end":{"line":131,"column":35}},"26":{"start":{"line":133,"column":4},"end":{"line":142,"column":6}},"27":{"start":{"line":146,"column":0},"end":{"line":157,"column":2}},"28":{"start":{"line":147,"column":4},"end":{"line":156,"column":6}},"29":{"start":{"line":159,"column":13},"end":{"line":159,"column":47}},"30":{"start":{"line":161,"column":0},"end":{"line":161,"column":22}}},"fnMap":{"0":{"name":"(anonymous_0)","decl":{"start":{"line":19,"column":23},"end":{"line":19,"column":24}},"loc":{"start":{"line":19,"column":35},"end":{"line":21,"column":13}},"line":19},"1":{"name":"(anonymous_1)","decl":{"start":{"line":35,"column":23},"end":{"line":35,"column":24}},"loc":{"start":{"line":35,"column":35},"end":{"line":37,"column":13}},"line":35},"2":{"name":"(anonymous_2)","decl":{"start":{"line":98,"column":23},"end":{"line":98,"column":24}},"loc":{"start":{"line":98,"column":44},"end":{"line":108,"column":1}},"line":98},"3":{"name":"(anonymous_3)","decl":{"start":{"line":111,"column":37},"end":{"line":111,"column":38}},"loc":{"start":{"line":111,"column":71},"end":{"line":117,"column":1}},"line":111},"4":{"name":"(anonymous_4)","decl":{"start":{"line":120,"column":30},"end":{"line":120,"column":31}},"loc":{"start":{"line":120,"column":41},"end":{"line":122,"column":1}},"line":120},"5":{"name":"(anonymous_5)","decl":{"start":{"line":125,"column":33},"end":{"line":125,"column":34}},"loc":{"start":{"line":125,"column":49},"end":{"line":127,"column":1}},"line":125},"6":{"name":"(anonymous_6)","decl":{"start":{"line":130,"column":44},"end":{"line":130,"column":45}},"loc":{"start":{"line":130,"column":66},"end":{"line":143,"column":1}},"line":130},"7":{"name":"(anonymous_7)","decl":{"start":{"line":146,"column":40},"end":{"line":146,"column":41}},"loc":{"start":{"line":146,"column":56},"end":{"line":157,"column":1}},"line":146}},"branchMap":{"0":{"loc":{"start":{"line":36,"column":23},"end":{"line":36,"column":57}},"type":"binary-expr","locations":[{"start":{"line":36,"column":23},"end":{"line":36,"column":25}},{"start":{"line":36,"column":29},"end":{"line":36,"column":57}}],"line":36},"1":{"loc":{"start":{"line":99,"column":4},"end":{"line":99,"column":52}},"type":"if","locations":[{"start":{"line":99,"column":4},"end":{"line":99,"column":52}},{"start":{},"end":{}}],"line":99},"2":{"loc":{"start":{"line":121,"column":14},"end":{"line":121,"column":59}},"type":"binary-expr","locations":[{"start":{"line":121,"column":14},"end":{"line":121,"column":28}},{"start":{"line":121,"column":32},"end":{"line":121,"column":59}}],"line":121}},"s":{"0":2,"1":2,"2":2,"3":8,"4":0,"5":2,"6":2,"7":2,"8":2,"9":8,"10":0,"11":8,"12":8,"13":8,"14":8,"15":0,"16":2,"17":2,"18":2,"19":0,"20":2,"21":2,"22":2,"23":3,"24":2,"25":1,"26":1,"27":2,"28":1,"29":2,"30":2},"f":{"0":8,"1":0,"2":8,"3":2,"4":2,"5":3,"6":1,"7":1},"b":{"0":[0,0],"1":[0,8],"2":[2,0]},"_coverageSchema":"1a1c01bbd47fc00a2c39e90264f33305004495a9","hash":"08dcdf3e1d32c50d6bcd22d3ad46ee139542a78e"}
,"/project/sandbox/user-workspace/solid-car-customer/backend/routes/auth.js": {"path":"/project/sandbox/user-workspace/solid-car-customer/backend/routes/auth.js","statementMap":{"0":{"start":{"line":1,"column":16},"end":{"line":1,"column":34}},"1":{"start":{"line":2,"column":15},"end":{"line":2,"column":31}},"2":{"start":{"line":3,"column":20},"end":{"line":3,"column":54}},"3":{"start":{"line":4,"column":20},"end":{"line":4,"column":56}},"4":{"start":{"line":5,"column":61},"end":{"line":5,"column":103}},"5":{"start":{"line":6,"column":13},"end":{"line":6,"column":42}},"6":{"start":{"line":7,"column":21},"end":{"line":7,"column":51}},"7":{"start":{"line":10,"column":0},"end":{"line":20,"column":3}},"8":{"start":{"line":11,"column":4},"end":{"line":19,"column":5}},"9":{"start":{"line":12,"column":35},"end":{"line":12,"column":74}},"10":{"start":{"line":13,"column":8},"end":{"line":16,"column":11}},"11":{"start":{"line":18,"column":8},"end":{"line":18,"column":20}},"12":{"start":{"line":23,"column":0},"end":{"line":39,"column":3}},"13":{"start":{"line":24,"column":4},"end":{"line":38,"column":5}},"14":{"start":{"line":25,"column":26},"end":{"line":25,"column":34}},"15":{"start":{"line":26,"column":25},"end":{"line":26,"column":72}},"16":{"start":{"line":28,"column":8},"end":{"line":30,"column":9}},"17":{"start":{"line":29,"column":12},"end":{"line":29,"column":78}},"18":{"start":{"line":32,"column":8},"end":{"line":35,"column":11}},"19":{"start":{"line":37,"column":8},"end":{"line":37,"column":20}},"20":{"start":{"line":42,"column":0},"end":{"line":61,"column":3}},"21":{"start":{"line":43,"column":4},"end":{"line":60,"column":5}},"22":{"start":{"line":44,"column":32},"end":{"line":44,"column":68}},"23":{"start":{"line":47,"column":8},"end":{"line":52,"column":11}},"24":{"start":{"line":54,"column":8},"end":{"line":57,"column":11}},"25":{"start":{"line":59,"column":8},"end":{"line":59,"column":20}},"26":{"start":{"line":64,"column":0},"end":{"line":84,"column":3}},"27":{"start":{"line":65,"column":4},"end":{"line":83,"column":5}},"28":{"start":{"line":66,"column":36},"end":{"line":66,"column":44}},"29":{"start":{"line":67,"column":32},"end":{"line":67,"column":72}},"30":{"start":{"line":70,"column":8},"end":{"line":75,"column":11}},"31":{"start":{"line":77,"column":8},"end":{"line":80,"column":11}},"32":{"start":{"line":82,"column":8},"end":{"line":82,"column":20}},"33":{"start":{"line":87,"column":0},"end":{"line":98,"column":3}},"34":{"start":{"line":88,"column":4},"end":{"line":92,"column":7}},"35":{"start":{"line":94,"column":4},"end":{"line":97,"column":7}},"36":{"start":{"line":101,"column":0},"end":{"line":111,"column":3}},"37":{"start":{"line":102,"column":4},"end":{"line":110,"column":5}},"38":{"start":{"line":103,"column":21},"end":{"line":103,"column":63}},"39":{"start":{"line":104,"column":8},"end":{"line":107,"column":11}},"40":{"start":{"line":109,"column":8},"end":{"line":109,"column":20}},"41":{"start":{"line":114,"column":0},"end":{"line":124,"column":3}},"42":{"start":{"line":115,"column":4},"end":{"line":123,"column":5}},"43":{"start":{"line":116,"column":28},"end":{"line":116,"column":82}},"44":{"start":{"line":117,"column":8},"end":{"line":120,"column":11}},"45":{"start":{"line":122,"column":8},"end":{"line":122,"column":20}},"46":{"start":{"line":127,"column":0},"end":{"line":138,"column":3}},"47":{"start":{"line":128,"column":4},"end":{"line":137,"column":5}},"48":{"start":{"line":129,"column":8},"end":{"line":129,"column":63}},"49":{"start":{"line":131,"column":8},"end":{"line":134,"column":11}},"50":{"start":{"line":136,"column":8},"end":{"line":136,"column":20}},"51":{"start":{"line":141,"column":0},"end":{"line":151,"column":3}},"52":{"start":{"line":142,"column":4},"end":{"line":150,"column":5}},"53":{"start":{"line":143,"column":8},"end":{"line":143,"column":77}},"54":{"start":{"line":144,"column":8},"end":{"line":147,"column":11}},"55":{"start":{"line":149,"column":8},"end":{"line":149,"column":20}},"56":{"start":{"line":154,"column":0},"end":{"line":164,"column":3}},"57":{"start":{"line":155,"column":4},"end":{"line":163,"column":5}},"58":{"start":{"line":156,"column":8},"end":{"line":156,"column":56}},"59":{"start":{"line":157,"column":8},"end":{"line":160,"column":11}},"60":{"start":{"line":162,"column":8},"end":{"line":162,"column":20}},"61":{"start":{"line":167,"column":0},"end":{"line":184,"column":3}},"62":{"start":{"line":168,"column":4},"end":{"line":183,"column":5}},"63":{"start":{"line":169,"column":21},"end":{"line":169,"column":63}},"64":{"start":{"line":170,"column":8},"end":{"line":172,"column":9}},"65":{"start":{"line":171,"column":12},"end":{"line":171,"column":85}},"66":{"start":{"line":175,"column":8},"end":{"line":175,"column":54}},"67":{"start":{"line":177,"column":8},"end":{"line":180,"column":11}},"68":{"start":{"line":182,"column":8},"end":{"line":182,"column":20}},"69":{"start":{"line":186,"column":0},"end":{"line":186,"column":24}}},"fnMap":{"0":{"name":"(anonymous_0)","decl":{"start":{"line":10,"column":32},"end":{"line":10,"column":33}},"loc":{"start":{"line":10,"column":58},"end":{"line":20,"column":1}},"line":10},"1":{"name":"(anonymous_1)","decl":{"start":{"line":23,"column":33},"end":{"line":23,"column":34}},"loc":{"start":{"line":23,"column":59},"end":{"line":39,"column":1}},"line":23},"2":{"name":"(anonymous_2)","decl":{"start":{"line":42,"column":54},"end":{"line":42,"column":55}},"loc":{"start":{"line":42,"column":80},"end":{"line":61,"column":1}},"line":42},"3":{"name":"(anonymous_3)","decl":{"start":{"line":64,"column":48},"end":{"line":64,"column":49}},"loc":{"start":{"line":64,"column":74},"end":{"line":84,"column":1}},"line":64},"4":{"name":"(anonymous_4)","decl":{"start":{"line":87,"column":23},"end":{"line":87,"column":24}},"loc":{"start":{"line":87,"column":37},"end":{"line":98,"column":1}},"line":87},"5":{"name":"(anonymous_5)","decl":{"start":{"line":101,"column":24},"end":{"line":101,"column":25}},"loc":{"start":{"line":101,"column":50},"end":{"line":111,"column":1}},"line":101},"6":{"name":"(anonymous_6)","decl":{"start":{"line":114,"column":65},"end":{"line":114,"column":66}},"loc":{"start":{"line":114,"column":91},"end":{"line":124,"column":1}},"line":114},"7":{"name":"(anonymous_7)","decl":{"start":{"line":127,"column":58},"end":{"line":127,"column":59}},"loc":{"start":{"line":127,"column":84},"end":{"line":138,"column":1}},"line":127},"8":{"name":"(anonymous_8)","decl":{"start":{"line":141,"column":72},"end":{"line":141,"column":73}},"loc":{"start":{"line":141,"column":98},"end":{"line":151,"column":1}},"line":141},"9":{"name":"(anonymous_9)","decl":{"start":{"line":154,"column":35},"end":{"line":154,"column":36}},"loc":{"start":{"line":154,"column":61},"end":{"line":164,"column":1}},"line":154},"10":{"name":"(anonymous_10)","decl":{"start":{"line":167,"column":42},"end":{"line":167,"column":43}},"loc":{"start":{"line":167,"column":68},"end":{"line":184,"column":1}},"line":167}},"branchMap":{"0":{"loc":{"start":{"line":28,"column":8},"end":{"line":30,"column":9}},"type":"if","locations":[{"start":{"line":28,"column":8},"end":{"line":30,"column":9}},{"start":{},"end":{}}],"line":28},"1":{"loc":{"start":{"line":170,"column":8},"end":{"line":172,"column":9}},"type":"if","locations":[{"start":{"line":170,"column":8},"end":{"line":172,"column":9}},{"start":{},"end":{}}],"line":170}},"s":{"0":2,"1":2,"2":2,"3":2,"4":2,"5":2,"6":2,"7":2,"8":0,"9":0,"10":0,"11":0,"12":2,"13":0,"14":0,"15":0,"16":0,"17":0,"18":0,"19":0,"20":2,"21":9,"22":9,"23":8,"24":8,"25":1,"26":2,"27":3,"28":3,"29":3,"30":1,"31":1,"32":2,"33":2,"34":0,"35":0,"36":2,"37":0,"38":0,"39":0,"40":0,"41":2,"42":0,"43":0,"44":0,"45":0,"46":2,"47":0,"48":0,"49":0,"50":0,"51":2,"52":0,"53":0,"54":0,"55":0,"56":2,"57":0,"58":0,"59":0,"60":0,"61":2,"62":0,"63":0,"64":0,"65":0,"66":0,"67":0,"68":0,"69":2},"f":{"0":0,"1":0,"2":9,"3":3,"4":0,"5":0,"6":0,"7":0,"8":0,"9":0,"10":0},"b":{"0":[0,0],"1":[0,0]},"_coverageSchema":"1a1c01bbd47fc00a2c39e90264f33305004495a9","hash":"4dc08ff320162818a86c33d50660557faa41b5a4"}
,"/project/sandbox/user-workspace/solid-car-customer/backend/routes/bookings.js": {"path":"/project/sandbox/user-workspace/solid-car-customer/backend/routes/bookings.js","statementMap":{"0":{"start":{"line":1,"column":16},"end":{"line":1,"column":34}},"1":{"start":{"line":2,"column":15},"end":{"line":2,"column":31}},"2":{"start":{"line":3,"column":13},"end":{"line":3,"column":42}},"3":{"start":{"line":6,"column":17},"end":{"line":6,"column":26}},"4":{"start":{"line":9,"column":0},"end":{"line":60,"column":3}},"5":{"start":{"line":10,"column":4},"end":{"line":59,"column":5}},"6":{"start":{"line":19,"column":12},"end":{"line":19,"column":20}},"7":{"start":{"line":22,"column":8},"end":{"line":27,"column":9}},"8":{"start":{"line":23,"column":12},"end":{"line":26,"column":15}},"9":{"start":{"line":30,"column":24},"end":{"line":42,"column":9}},"10":{"start":{"line":45,"column":8},"end":{"line":45,"column":42}},"11":{"start":{"line":47,"column":8},"end":{"line":52,"column":11}},"12":{"start":{"line":54,"column":8},"end":{"line":54,"column":54}},"13":{"start":{"line":55,"column":8},"end":{"line":58,"column":11}},"14":{"start":{"line":63,"column":0},"end":{"line":82,"column":3}},"15":{"start":{"line":64,"column":4},"end":{"line":81,"column":5}},"16":{"start":{"line":65,"column":29},"end":{"line":67,"column":74}},"17":{"start":{"line":66,"column":31},"end":{"line":66,"column":61}},"18":{"start":{"line":67,"column":28},"end":{"line":67,"column":73}},"19":{"start":{"line":69,"column":8},"end":{"line":74,"column":11}},"20":{"start":{"line":76,"column":8},"end":{"line":76,"column":52}},"21":{"start":{"line":77,"column":8},"end":{"line":80,"column":11}},"22":{"start":{"line":85,"column":0},"end":{"line":117,"column":3}},"23":{"start":{"line":86,"column":4},"end":{"line":116,"column":5}},"24":{"start":{"line":87,"column":24},"end":{"line":87,"column":51}},"25":{"start":{"line":89,"column":8},"end":{"line":94,"column":9}},"26":{"start":{"line":90,"column":12},"end":{"line":93,"column":15}},"27":{"start":{"line":97,"column":8},"end":{"line":102,"column":9}},"28":{"start":{"line":98,"column":12},"end":{"line":101,"column":15}},"29":{"start":{"line":104,"column":8},"end":{"line":109,"column":11}},"30":{"start":{"line":111,"column":8},"end":{"line":111,"column":51}},"31":{"start":{"line":112,"column":8},"end":{"line":115,"column":11}},"32":{"start":{"line":120,"column":0},"end":{"line":157,"column":3}},"33":{"start":{"line":121,"column":4},"end":{"line":156,"column":5}},"34":{"start":{"line":122,"column":24},"end":{"line":122,"column":51}},"35":{"start":{"line":124,"column":8},"end":{"line":129,"column":9}},"36":{"start":{"line":125,"column":12},"end":{"line":128,"column":15}},"37":{"start":{"line":132,"column":8},"end":{"line":137,"column":9}},"38":{"start":{"line":133,"column":12},"end":{"line":136,"column":15}},"39":{"start":{"line":140,"column":8},"end":{"line":140,"column":37}},"40":{"start":{"line":141,"column":8},"end":{"line":141,"column":55}},"41":{"start":{"line":142,"column":8},"end":{"line":142,"column":42}},"42":{"start":{"line":144,"column":8},"end":{"line":149,"column":11}},"43":{"start":{"line":151,"column":8},"end":{"line":151,"column":54}},"44":{"start":{"line":152,"column":8},"end":{"line":155,"column":11}},"45":{"start":{"line":159,"column":0},"end":{"line":159,"column":24}}},"fnMap":{"0":{"name":"(anonymous_0)","decl":{"start":{"line":9,"column":23},"end":{"line":9,"column":24}},"loc":{"start":{"line":9,"column":37},"end":{"line":60,"column":1}},"line":9},"1":{"name":"(anonymous_1)","decl":{"start":{"line":63,"column":22},"end":{"line":63,"column":23}},"loc":{"start":{"line":63,"column":36},"end":{"line":82,"column":1}},"line":63},"2":{"name":"(anonymous_2)","decl":{"start":{"line":66,"column":20},"end":{"line":66,"column":21}},"loc":{"start":{"line":66,"column":31},"end":{"line":66,"column":61}},"line":66},"3":{"name":"(anonymous_3)","decl":{"start":{"line":67,"column":18},"end":{"line":67,"column":19}},"loc":{"start":{"line":67,"column":28},"end":{"line":67,"column":73}},"line":67},"4":{"name":"(anonymous_4)","decl":{"start":{"line":85,"column":25},"end":{"line":85,"column":26}},"loc":{"start":{"line":85,"column":39},"end":{"line":117,"column":1}},"line":85},"5":{"name":"(anonymous_5)","decl":{"start":{"line":120,"column":33},"end":{"line":120,"column":34}},"loc":{"start":{"line":120,"column":47},"end":{"line":157,"column":1}},"line":120}},"branchMap":{"0":{"loc":{"start":{"line":22,"column":8},"end":{"line":27,"column":9}},"type":"if","locations":[{"start":{"line":22,"column":8},"end":{"line":27,"column":9}},{"start":{},"end":{}}],"line":22},"1":{"loc":{"start":{"line":22,"column":12},"end":{"line":22,"column":67}},"type":"binary-expr","locations":[{"start":{"line":22,"column":12},"end":{"line":22,"column":18}},{"start":{"line":22,"column":22},"end":{"line":22,"column":37}},{"start":{"line":22,"column":41},"end":{"line":22,"column":52}},{"start":{"line":22,"column":56},"end":{"line":22,"column":67}}],"line":22},"2":{"loc":{"start":{"line":89,"column":8},"end":{"line":94,"column":9}},"type":"if","locations":[{"start":{"line":89,"column":8},"end":{"line":94,"column":9}},{"start":{},"end":{}}],"line":89},"3":{"loc":{"start":{"line":97,"column":8},"end":{"line":102,"column":9}},"type":"if","locations":[{"start":{"line":97,"column":8},"end":{"line":102,"column":9}},{"start":{},"end":{}}],"line":97},"4":{"loc":{"start":{"line":124,"column":8},"end":{"line":129,"column":9}},"type":"if","locations":[{"start":{"line":124,"column":8},"end":{"line":129,"column":9}},{"start":{},"end":{}}],"line":124},"5":{"loc":{"start":{"line":132,"column":8},"end":{"line":137,"column":9}},"type":"if","locations":[{"start":{"line":132,"column":8},"end":{"line":137,"column":9}},{"start":{},"end":{}}],"line":132}},"s":{"0":2,"1":2,"2":2,"3":2,"4":2,"5":0,"6":0,"7":0,"8":0,"9":0,"10":0,"11":0,"12":0,"13":0,"14":2,"15":0,"16":0,"17":0,"18":0,"19":0,"20":0,"21":0,"22":2,"23":0,"24":0,"25":0,"26":0,"27":0,"28":0,"29":0,"30":0,"31":0,"32":2,"33":0,"34":0,"35":0,"36":0,"37":0,"38":0,"39":0,"40":0,"41":0,"42":0,"43":0,"44":0,"45":2},"f":{"0":0,"1":0,"2":0,"3":0,"4":0,"5":0},"b":{"0":[0,0],"1":[0,0,0,0],"2":[0,0],"3":[0,0],"4":[0,0],"5":[0,0]},"_coverageSchema":"1a1c01bbd47fc00a2c39e90264f33305004495a9","hash":"0a48caa2c9d7d0dd4a98762d0851828269cc62e8"}
,"/project/sandbox/user-workspace/solid-car-customer/backend/routes/cars.js": {"path":"/project/sandbox/user-workspace/solid-car-customer/backend/routes/cars.js","statementMap":{"0":{"start":{"line":1,"column":16},"end":{"line":1,"column":34}},"1":{"start":{"line":2,"column":15},"end":{"line":2,"column":31}},"2":{"start":{"line":3,"column":13},"end":{"line":3,"column":42}},"3":{"start":{"line":10,"column":4},"end":{"line":10,"column":37}},"4":{"start":{"line":11,"column":19},"end":{"line":11,"column":52}},"5":{"start":{"line":12,"column":29},"end":{"line":12,"column":59}},"6":{"start":{"line":15,"column":0},"end":{"line":30,"column":3}},"7":{"start":{"line":16,"column":4},"end":{"line":29,"column":5}},"8":{"start":{"line":17,"column":24},"end":{"line":21,"column":9}},"9":{"start":{"line":23,"column":8},"end":{"line":26,"column":11}},"10":{"start":{"line":28,"column":8},"end":{"line":28,"column":20}},"11":{"start":{"line":33,"column":0},"end":{"line":60,"column":3}},"12":{"start":{"line":34,"column":4},"end":{"line":59,"column":5}},"13":{"start":{"line":35,"column":24},"end":{"line":46,"column":9}},"14":{"start":{"line":48,"column":23},"end":{"line":48,"column":56}},"15":{"start":{"line":50,"column":8},"end":{"line":56,"column":11}},"16":{"start":{"line":58,"column":8},"end":{"line":58,"column":20}},"17":{"start":{"line":63,"column":0},"end":{"line":77,"column":3}},"18":{"start":{"line":64,"column":4},"end":{"line":76,"column":5}},"19":{"start":{"line":65,"column":22},"end":{"line":65,"column":52}},"20":{"start":{"line":66,"column":29},"end":{"line":66,"column":68}},"21":{"start":{"line":68,"column":8},"end":{"line":73,"column":11}},"22":{"start":{"line":75,"column":8},"end":{"line":75,"column":20}},"23":{"start":{"line":80,"column":0},"end":{"line":98,"column":3}},"24":{"start":{"line":81,"column":4},"end":{"line":97,"column":5}},"25":{"start":{"line":82,"column":31},"end":{"line":82,"column":59}},"26":{"start":{"line":83,"column":20},"end":{"line":83,"column":78}},"27":{"start":{"line":85,"column":8},"end":{"line":87,"column":9}},"28":{"start":{"line":86,"column":12},"end":{"line":86,"column":70}},"29":{"start":{"line":89,"column":8},"end":{"line":94,"column":11}},"30":{"start":{"line":96,"column":8},"end":{"line":96,"column":20}},"31":{"start":{"line":101,"column":0},"end":{"line":118,"column":3}},"32":{"start":{"line":102,"column":4},"end":{"line":117,"column":5}},"33":{"start":{"line":103,"column":31},"end":{"line":103,"column":83}},"34":{"start":{"line":105,"column":8},"end":{"line":107,"column":9}},"35":{"start":{"line":106,"column":12},"end":{"line":106,"column":96}},"36":{"start":{"line":109,"column":8},"end":{"line":114,"column":11}},"37":{"start":{"line":116,"column":8},"end":{"line":116,"column":20}},"38":{"start":{"line":121,"column":0},"end":{"line":138,"column":3}},"39":{"start":{"line":122,"column":4},"end":{"line":137,"column":5}},"40":{"start":{"line":123,"column":26},"end":{"line":123,"column":73}},"41":{"start":{"line":125,"column":8},"end":{"line":127,"column":9}},"42":{"start":{"line":126,"column":12},"end":{"line":126,"column":88}},"43":{"start":{"line":129,"column":8},"end":{"line":134,"column":11}},"44":{"start":{"line":136,"column":8},"end":{"line":136,"column":20}},"45":{"start":{"line":141,"column":0},"end":{"line":180,"column":3}},"46":{"start":{"line":143,"column":4},"end":{"line":152,"column":7}},"47":{"start":{"line":155,"column":4},"end":{"line":162,"column":5}},"48":{"start":{"line":156,"column":8},"end":{"line":161,"column":11}},"49":{"start":{"line":165,"column":4},"end":{"line":172,"column":5}},"50":{"start":{"line":166,"column":8},"end":{"line":171,"column":11}},"51":{"start":{"line":175,"column":4},"end":{"line":179,"column":7}},"52":{"start":{"line":182,"column":0},"end":{"line":182,"column":24}}},"fnMap":{"0":{"name":"(anonymous_0)","decl":{"start":{"line":15,"column":29},"end":{"line":15,"column":30}},"loc":{"start":{"line":15,"column":43},"end":{"line":30,"column":1}},"line":15},"1":{"name":"(anonymous_1)","decl":{"start":{"line":33,"column":39},"end":{"line":33,"column":40}},"loc":{"start":{"line":33,"column":65},"end":{"line":60,"column":1}},"line":33},"2":{"name":"(anonymous_2)","decl":{"start":{"line":63,"column":55},"end":{"line":63,"column":56}},"loc":{"start":{"line":63,"column":81},"end":{"line":77,"column":1}},"line":63},"3":{"name":"(anonymous_3)","decl":{"start":{"line":80,"column":45},"end":{"line":80,"column":46}},"loc":{"start":{"line":80,"column":71},"end":{"line":98,"column":1}},"line":80},"4":{"name":"(anonymous_4)","decl":{"start":{"line":101,"column":70},"end":{"line":101,"column":71}},"loc":{"start":{"line":101,"column":96},"end":{"line":118,"column"
[...]
ine":184,"column":70}}],"line":184},"9":{"loc":{"start":{"line":189,"column":12},"end":{"line":193,"column":13}},"type":"if","locations":[{"start":{"line":189,"column":12},"end":{"line":193,"column":13}},{"start":{},"end":{}}],"line":189},"10":{"loc":{"start":{"line":195,"column":12},"end":{"line":199,"column":13}},"type":"if","locations":[{"start":{"line":195,"column":12},"end":{"line":199,"column":13}},{"start":{},"end":{}}],"line":195},"11":{"loc":{"start":{"line":201,"column":12},"end":{"line":215,"column":13}},"type":"if","locations":[{"start":{"line":201,"column":12},"end":{"line":215,"column":13}},{"start":{},"end":{}}],"line":201},"12":{"loc":{"start":{"line":204,"column":20},"end":{"line":213,"column":21}},"type":"binary-expr","locations":[{"start":{"line":204,"column":20},"end":{"line":204,"column":64}},{"start":{"line":205,"column":20},"end":{"line":205,"column":68}},{"start":{"line":206,"column":20},"end":{"line":208,"column":21}},{"start":{"line":209,"column":20},"end":{"line":209,"column":82}},{"start":{"line":210,"column":20},"end":{"line":213,"column":21}}],"line":204},"13":{"loc":{"start":{"line":211,"column":24},"end":{"line":212,"column":79}},"type":"binary-expr","locations":[{"start":{"line":211,"column":24},"end":{"line":211,"column":72}},{"start":{"line":212,"column":24},"end":{"line":212,"column":79}}],"line":211},"14":{"loc":{"start":{"line":218,"column":12},"end":{"line":246,"column":13}},"type":"if","locations":[{"start":{"line":218,"column":12},"end":{"line":246,"column":13}},{"start":{},"end":{}}],"line":218},"15":{"loc":{"start":{"line":219,"column":16},"end":{"line":245,"column":17}},"type":"switch","locations":[{"start":{"line":220,"column":20},"end":{"line":222,"column":30}},{"start":{"line":223,"column":20},"end":{"line":225,"column":30}},{"start":{"line":226,"column":20},"end":{"line":228,"column":30}},{"start":{"line":229,"column":20},"end":{"line":231,"column":30}},{"start":{"line":232,"column":20},"end":{"line":238,"column":30}},{"start":{"line":239,"column":20},"end":{"line":244,"column":30}}],"line":219},"16":{"loc":{"start":{"line":234,"column":43},"end":{"line":234,"column":81}},"type":"binary-expr","locations":[{"start":{"line":234,"column":43},"end":{"line":234,"column":76}},{"start":{"line":234,"column":80},"end":{"line":234,"column":81}}],"line":234},"17":{"loc":{"start":{"line":235,"column":43},"end":{"line":235,"column":81}},"type":"binary-expr","locations":[{"start":{"line":235,"column":43},"end":{"line":235,"column":76}},{"start":{"line":235,"column":80},"end":{"line":235,"column":81}}],"line":235},"18":{"loc":{"start":{"line":241,"column":28},"end":{"line":241,"column":72}},"type":"if","locations":[{"start":{"line":241,"column":28},"end":{"line":241,"column":72}},{"start":{},"end":{}}],"line":241},"19":{"loc":{"start":{"line":242,"column":35},"end":{"line":242,"column":56}},"type":"cond-expr","locations":[{"start":{"line":242,"column":50},"end":{"line":242,"column":52}},{"start":{"line":242,"column":55},"end":{"line":242,"column":56}}],"line":242},"20":{"loc":{"start":{"line":269,"column":25},"end":{"line":269,"column":47}},"type":"default-arg","locations":[{"start":{"line":269,"column":42},"end":{"line":269,"column":47}}],"line":269},"21":{"loc":{"start":{"line":272,"column":12},"end":{"line":274,"column":13}},"type":"if","locations":[{"start":{"line":272,"column":12},"end":{"line":274,"column":13}},{"start":{},"end":{}}],"line":272},"22":{"loc":{"start":{"line":276,"column":12},"end":{"line":280,"column":13}},"type":"if","locations":[{"start":{"line":276,"column":12},"end":{"line":280,"column":13}},{"start":{},"end":{}}],"line":276},"23":{"loc":{"start":{"line":286,"column":30},"end":{"line":286,"column":54}},"type":"binary-expr","locations":[{"start":{"line":286,"column":30},"end":{"line":286,"column":49}},{"start":{"line":286,"column":53},"end":{"line":286,"column":54}}],"line":286},"24":{"loc":{"start":{"line":315,"column":26},"end":{"line":315,"column":35}},"type":"default-arg","locations":[{"start":{"line":315,"column":34},"end":{"line":315,"column":35}}],"line":315},"25":{"loc":{"start":{"line":331,"column":12},"end":{"line":333,"column":13}},"type":"if","locations":[{"start":{"line":331,"column":12},"end":{"line":333,"column":13}},{"start":{},"end":{}}],"line":331},"26":{"loc":{"start":{"line":345,"column":12},"end":{"line":347,"column":13}},"type":"if","locations":[{"start":{"line":345,"column":12},"end":{"line":347,"column":13}},{"start":{},"end":{}}],"line":345},"27":{"loc":{"start":{"line":345,"column":16},"end":{"line":345,"column":38}},"type":"binary-expr","locations":[{"start":{"line":345,"column":16},"end":{"line":345,"column":20}},{"start":{"line":345,"column":24},"end":{"line":345,"column":38}}],"line":345}},"s":{"0":3,"1":3,"2":3,"3":9,"4":9,"5":9,"6":9,"7":1,"8":3,"9":9,"10":0,"11":0,"12":9,"13":0,"14":0,"15":9,"16":1,"17":1,"18":1,"19":3,"20":9,"21":1,"22":3,"23":9,"24":1,"25":3,"26":9,"27":1,"28":1,"29":3,"30":8,"31":4,"32":9,"33":2,"34":1,"35":2,"36":1,"37":0,"38":0,"39":0,"40":1,"41":4,"42":1,"43":0,"44":0,"45":0,"46":0,"47":0,"48":0,"49":0,"50":0,"51":0,"52":0,"53":0,"54":0,"55":0,"56":9,"57":9,"58":9,"59":9,"60":9,"61":0,"62":0,"63":2,"64":2,"65":4,"66":2,"67":1,"68":1,"69":1,"70":1,"71":0,"72":0,"73":0,"74":1,"75":3,"76":1,"77":1,"78":1,"79":3,"80":12,"81":3,"82":6,"83":1,"84":0,"85":0,"86":0,"87":0,"88":0,"89":0,"90":0,"91":0,"92":0,"93":0,"94":0,"95":0,"96":0,"97":0,"98":0,"99":0,"100":0,"101":0,"102":0,"103":0,"104":0,"105":0,"106":3},"f":{"0":9,"1":3,"2":0,"3":0,"4":3,"5":3,"6":3,"7":3,"8":8,"9":4,"10":2,"11":0,"12":4,"13":0,"14":0,"15":0,"16":2,"17":4,"18":1,"19":3,"20":1,"21":1,"22":3,"23":12,"24":6,"25":0,"26":0,"27":0,"28":0,"29":0,"30":0,"31":0},"b":{"0":[1],"1":[8],"2":[8],"3":[1,8],"4":[0,9],"5":[0,9],"6":[1,8],"7":[1,0],"8":[3,1],"9":[1,8],"10":[1,8],"11":[1,8],"12":[3,2,2,2,2],"13":[4,4],"14":[2,7],"15":[1,0,1,0,0,0],"16":[0,0],"17":[0,0],"18":[0,0],"19":[0,0],"20":[2],"21":[1,1],"22":[1,0],"23":[0,0],"24":[0],"25":[0,0],"26":[0,0],"27":[0,0]},"_coverageSchema":"1a1c01bbd47fc00a2c39e90264f33305004495a9","hash":"8501a536216cbf1b0fd5e3ef10e45872f0c6f72c"}
,"/project/sandbox/user-workspace/solid-car-customer/backend/services/userService.js": {"path":"/project/sandbox/user-workspace/solid-car-customer/backend/services/userService.js","statementMap":{"0":{"start":{"line":1,"column":13},"end":{"line":1,"column":38}},"1":{"start":{"line":2,"column":12},"end":{"line":2,"column":35}},"2":{"start":{"line":3,"column":15},"end":{"line":3,"column":32}},"3":{"start":{"line":4,"column":18},"end":{"line":4,"column":38}},"4":{"start":{"line":5,"column":15},"end":{"line":5,"column":32}},"5":{"start":{"line":6,"column":21},"end":{"line":6,"column":51}},"6":{"start":{"line":13,"column":21},"end":{"line":13,"column":48}},"7":{"start":{"line":14,"column":8},"end":{"line":16,"column":9}},"8":{"start":{"line":15,"column":12},"end":{"line":15,"column":72}},"9":{"start":{"line":19,"column":23},"end":{"line":22,"column":10}},"10":{"start":{"line":25,"column":8},"end":{"line":25,"column":45}},"11":{"start":{"line":26,"column":8},"end":{"line":26,"column":26}},"12":{"start":{"line":29,"column":23},"end":{"line":29,"column":65}},"13":{"start":{"line":31,"column":8},"end":{"line":34,"column":10}},"14":{"start":{"line":41,"column":21},"end":{"line":41,"column":48}},"15":{"start":{"line":42,"column":8},"end":{"line":44,"column":9}},"16":{"start":{"line":43,"column":12},"end":{"line":43,"column":72}},"17":{"start":{"line":46,"column":8},"end":{"line":48,"column":9}},"18":{"start":{"line":47,"column":12},"end":{"line":47,"column":70}},"19":{"start":{"line":50,"column":25},"end":{"line":54,"column":10}},"20":{"start":{"line":56,"column":8},"end":{"line":58,"column":9}},"21":{"start":{"line":57,"column":12},"end":{"line":57,"column":78}},"22":{"start":{"line":61,"column":8},"end":{"line":61,"column":38}},"23":{"start":{"line":62,"column":8},"end":{"line":62,"column":26}},"24":{"start":{"line":64,"column":8},"end":{"line":64,"column":20}},"25":{"start":{"line":70,"column":26},"end":{"line":70,"column":34}},"26":{"start":{"line":73,"column":29},"end":{"line":73,"column":58}},"27":{"start":{"line":74,"column":8},"end":{"line":76,"column":9}},"28":{"start":{"line":75,"column":12},"end":{"line":75,"column":74}},"29":{"start":{"line":79,"column":34},"end":{"line":79,"column":72}},"30":{"start":{"line":80,"column":41},"end":{"line":80,"column":73}},"31":{"start":{"line":83,"column":21},"end":{"line":87,"column":10}},"32":{"start":{"line":90,"column":8},"end":{"line":90,"column":26}},"33":{"start":{"line":93,"column":22},"end":{"line":93,"column":46}},"34":{"start":{"line":96,"column":29},"end":{"line":96,"column":44}},"35":{"start":{"line":97,"column":8},"end":{"line":97,"column":37}},"36":{"start":{"line":98,"column":8},"end":{"line":98,"column":46}},"37":{"start":{"line":99,"column":8},"end":{"line":99,"column":53}},"38":{"start":{"line":101,"column":8},"end":{"line":104,"column":10}},"39":{"start":{"line":112,"column":21},"end":{"line":112,"column":50}},"40":{"start":{"line":114,"column":8},"end":{"line":116,"column":9}},"41":{"start":{"line":115,"column":12},"end":{"line":115,"column":82}},"42":{"start":{"line":119,"column":8},"end":{"line":121,"column":9}},"43":{"start":{"line":120,"column":12},"end":{"line":120,"column":92}},"44":{"start":{"line":124,"column":24},"end":{"line":124,"column":60}},"45":{"start":{"line":125,"column":8},"end":{"line":129,"column":9}},"46":{"start":{"line":127,"column":12},"end":{"line":127,"column":53}},"47":{"start":{"line":128,"column":12},"end":{"line":128,"column":82}},"48":{"start":{"line":132,"column":8},"end":{"line":132,"column":45}},"49":{"start":{"line":135,"column":22},"end":{"line":135,"column":46}},"50":{"start":{"line":138,"column":29},"end":{"line":138,"column":44}},"51":{"start":{"line":139,"column":8},"end":{"line":139,"column":37}},"52":{"start":{"line":141,"column":8},"end":{"line":144,"column":10}},"53":{"start":{"line":151,"column":21},"end":{"line":151,"column":48}},"54":{"start":{"line":152,"column":8},"end":{"line":154,"column":9}},"55":{"start":{"line":153,"column":12},"end":{"line":153,"column":72}},"56":{"start":{"line":155,"column":8},"end":{"line":155,"column":20}},"57":{"start":{"line":162,"column":21},"end":{"line":162,"column":48}},"58":{"start":{"line":163,"column":8},"end":{"line":165,"column":9}},"59":{"start":{"line":164,"column":12},"end":{"line":164,"column":72}},"60":{"start":{"line":168,"column":8},"end":{"line":174,"column":9}},"61":{"start":{"line":169,"column":28},"end":{"line":169,"column":82}},"62":{"start":{"line":170,"column":12},"end":{"line":172,"column":13}},"63":{"start":{"line":171,"column":16},"end":{"line":171,"column":93}},"64":{"start":{"line":173,"column":12},"end":{"line":173,"column":51}},"65":{"start":{"line":177,"column":31},"end":{"line":177,"column":67}},"66":{"start":{"line":178,"column":8},"end":{"line":182,"column":11}},"67":{"start":{"line":179,"column":12},"end":{"line":181,"column":13}},"68":{"start":{"line":180,"column":16},"end":{"line":180,"column":48}},"69":{"start":{"line":184,"column":8},"end":{"line":184,"column":26}},"70":{"start":{"line":187,"column":29},"end":{"line":187,"column":44}},"71":{"start":{"line":188,"column":8},"end":{"line":188,"column":37}},"72":{"start":{"line":189,"column":8},"end":{"line":189,"column":28}},"73":{"start":{"line":196,"column":21},"end":{"line":199,"column":10}},"74":{"start":{"line":201,"column":8},"end":{"line":203,"column":9}},"75":{"start":{"line":202,"column":12},"end":{"line":202,"column":94}},"76":{"start":{"line":205,"column":8},"end":{"line":205,"column":29}},"77":{"start":{"line":206,"column":8},"end":{"line":206,"column":43}},"78":{"start":{"line":207,"column":8},"end":{"line":207,"column":50}},"79":{"start":{"line":208,"column":8},"end":{"line":208,"column":26}},"80":{"start":{"line":210,"column":8},"end":{"line":210,"column":20}},"81":{"start":{"line":217,"column":21},"end":{"line":217,"column":50}},"82":{"start":{"line":220,"column":8},"end":{"line":220,"column":31}},"83":{"start":{"line":220,"column":19},"end":{"line":220,"column":31}},"84":{"start":{"line":222,"column":27},"end":{"line":222,"column":65}},"85":{"start":{"line":223,"column":8},"end":{"line":223,"column":45}},"86":{"start":{"line":224,"column":8},"end":{"line":224,"column":64}},"87":{"start":{"line":226,"column":8},"end":{"line":226,"column":26}},"88":{"start":{"line":228,"column":8},"end":{"line":228,"column":26}},"89":{"start":{"line":235,"column":21},"end":{"line":238,"column":10}},"90":{"start":{"line":240,"column":8},"end":{"line":242,"column":9}},"91":{"start":{"line":241,"column":12},"end":{"line":241,"column":87}},"92":{"start":{"line":244,"column":8},"end":{"line":244,"column":36}},"93":{"start":{"line":245,"column":8},"end":{"line":245,"column":44}},"94":{"start":{"line":246,"column":8},"end":{"line":246,"column":46}},"95":{"start":{"line":247,"column":8},"end":{"line":247,"column":26}},"96":{"start":{"line":249,"column":8},"end":{"line":249,"column":20}},"97":{"start":{"line":256,"column":8},"end":{"line":260,"column":10}},"98":{"start":{"line":264,"column":0},"end":{"line":264,"column":35}}},"fnMap":{"0":{"name":"(anonymous_0)","decl":{"start":{"line":12,"column":4},"end":{"line":12,"column":5}},"loc":{"start":{"line":12,"column":27},"end":{"line":35,"column":5}},"line":12},"1":{"name":"(anonymous_1)","decl":{"start":{"line":40,"column":4},"end":{"line":40,"column":5}},"loc":{"start":{"line":40,"column":35},"end":{"line":65,"column":5}},"line":40},"2":{"name":"(anonymous_2)","decl":{"start":{"line":69,"column":4},"end":{"line":69,"column":5}},"loc":{"start":{"line":69,"column":29},"end":{"line":105,"column":5}},"line":69},"3":{"name":"(anonymous_3)","decl":{"start":{"line":110,"column":4},"end":{"line":110,"column":5}},"loc":{"start":{"line":110,"column":33},"end":{"line":145,"column":5}},"line":110},"4":{"name":"(anonymous_4)","decl":{"start":{"line":150,"column":4},"end":{"line":150,"column":5}},"loc":{"start":{"line":150,"column":30},"end":{"line":156,"column":5}},"line":150},"5":{"name":"(anonymous_5)","decl":{"start":{"line":161,"column":4},"end":{"line":161,"column":5}},"loc":{"start":{"line":161,"column":44},"end":{"line":190,"column":5}},"line":161},"6":{"name":"(anonymous_6)","decl":{"start":{"line":178,"column":31},"end":{"line":178,"column":32}},"loc":{"start":{"line":178,"column":40},"end":{"line":182,"column":9}},"line":178},"7":{"name":"(anonymous_7)","decl":{"start":{"line":195,"column":4},"end":{"line":195,"column":5}},"loc":{"start":{"line":195,"column":29},"end":{"line":211,"column":5}},"line":195},"8":{"name":"(anonymous_8)","decl":{"start":{"line":216,"column":4},"end":{"line":216,"column":5}},"loc":{"start":{"line":216,"column":38},"end":{"line":229,"column":5}},"line":216},"9":{"name":"(anonymous_9)","decl":{"start":{"line":234,"column":4},"end":{"line":234,"column":5}},"loc":{"start":{"line":234,"column":44},"end":{"line":250,"column":5}},"line":234},"10":{"name":"(anonymous_10)","decl":{"start":{"line":255,"column":4},"end":{"line":255,"column":5}},"loc":{"start":{"line":255,"column":24},"end":{"line":261,"column":5}},"line":255}},"branchMap":{"0":{"loc":{"start":{"line":14,"column":8},"end":{"line":16,"column":9}},"type":"if","locations":[{"start":{"line":14,"column":8},"end":{"line":16,"column":9}},{"start":{},"end":{}}],"line":14},"1":{"loc":{"start":{"line":42,"column":8},"end":{"line":44,"column":9}},"type":"if","locations":[{"start":{"line":42,"column":8},"end":{"line":44,"column":9}},{"start":{},"end":{}}],"line":42},"2":{"loc":{"start":{"line":46,"column":8},"end":{"line":48,"column":9}},"type":"if","locations":[{"start":{"line":46,"column":8},"end":{"line":48,"column":9}},{"start":{},"end":{}}],"line":46},"3":{"loc":{"start":{"line":56,"column":8},"end":{"line":58,"column":9}},"type":"if","locations":[{"start":{"line":56,"column":8},"end":{"line":58,"column":9}},{"start":{},"end":{}}],"line":56},"4":{"loc":{"start":{"line":74,"column":8},"end":{"line":76,"column":9}},"type":"if","locations":[{"start":{"line":74,"column":8},"end":{"line":76,"column":9}},{"start":{},"end":{}}],"line":74},"5":{"loc":{"start":{"line":114,"column":8},"end":{"line":116,"column":9}},"type":"if","locations":[{"start":{"line":114,"column":8},"end":{"line":116,"column":9}},{"start":{},"end":{}}],"line":114},"6":{"loc":{"start":{"line":119,"column":8},"end":{"line":121,"column":9}},"type":"if","locations":[{"start":{"line":119,"column":8},"end":{"line":121,"column":9}},{"start":{},"end":{}}],"line":119},"7":{"loc":{"start":{"line":125,"column":8},"end":{"line":129,"column":9}},"type":"if","locations":[{"start":{"line":125,"column":8},"end":{"line":129,"column":9}},{"start":{},"end":{}}],"line":125},"8":{"loc":{"start":{"line":152,"column":8},"end":{"line":154,"column":9}},"type":"if","locations":[{"start":{"line":152,"column":8},"end":{"line":154,"column":9}},{"start":{},"end":{}}],"line":152},"9":{"loc":{"start":{"line":163,"column":8},"end":{"line":165,"column":9}},"type":"if","locations":[{"start":{"line":163,"column":8},"end":{"line":165,"column":9}},{"start":{},"end":{}}],"line":163},"10":{"loc":{"start":{"line":168,"column":8},"end":{"line":174,"column":9}},"type":"if","locations":[{"start":{"line":168,"column":8},"end":{"line":174,"column":9}},{"start":{},"end":{}}],"line":168},"11":{"loc":{"start":{"line":170,"column":12},"end":{"line":172,"column":13}},"type":"if","locations":[{"start":{"line":170,"column":12},"end":{"line":172,"column":13}},{"start":{},"end":{}}],"line":170},"12":{"loc":{"start":{"line":179,"column":12},"end":{"line":181,"column":13}},"type":"if","locations":[{"start":{"line":179,"column":12},"end":{"line":181,"column":13}},{"start":{},"end":{}}],"line":179},"13":{"loc":{"start":{"line":201,"column":8},"end":{"line":203,"column":9}},"type":"if","locations":[{"start":{"line":201,"column":8},"end":{"line":203,"column":9}},{"start":{},"end":{}}],"line":201},"14":{"loc":{"start":{"line":220,"column":8},"end":{"line":220,"column":31}},"type":"if","locations":[{"start":{"line":220,"column":8},"end":{"line":220,"column":31}},{"start":{},"end":{}}],"line":220},"15":{"loc":{"start":{"line":240,"column":8},"end":{"line":242,"column":9}},"type":"if","locations":[{"start":{"line":240,"column":8},"end":{"line":242,"column":9}},{"start":{},"end":{}}],"line":240},"16":{"loc":{"start":{"line":258,"column":12},"end":{"line":258,"column":55}},"type":"binary-expr","locations":[{"start":{"line":258,"column":12},"end":{"line":258,"column":34}},{"start":{"line":258,"column":38},"end":{"line":258,"column":55}}],"line":258},"17":{"loc":{"start":{"line":259,"column":25},"end":{"line":259,"column":60}},"type":"binary-expr","locations":[{"start":{"line":259,"column":25},"end":{"line":259,"column":51}},{"start":{"line":259,"column":55},"end":{"line":259,"column":60}}],"line":259}},"s":{"0":2,"1":2,"2":2,"3":2,"4":2,"5":2,"6":0,"7":0,"8":0,"9":0,"10":0,"11":0,"12":0,"13":0,"14":0,"15":0,"16":0,"17":0,"18":0,"19":0,"20":0,"21":0,"22":0,"23":0,"24":0,"25":9,"26":9,"27":9,"28":1,"29":8,"30":8,"31":8,"32":8,"33":8,"34":8,"35":8,"36":8,"37":8,"38":8,"39":3,"40":3,"41":1,"42":2,"43":0,"44":2,"45":2,"46":1,"47":1,"48":1,"49":1,"50":1,"51":1,"52":1,"53":0,"54":0,"55":0,"56":0,"57":0,"58":0,"59":0,"60":0,"61":0,"62":0,"63":0,"64":0,"65":0,"66":0,"67":0,"68":0,"69":0,"70":0,"71":0,"72":0,"73":0,"74":0,"75":0,"76":0,"77":0,"78":0,"79":0,"80":0,"81":0,"82":0,"83":0,"84":0,"85":0,"86":0,"87":0,"88":0,"89":0,"90":0,"91":0,"92":0,"93":0,"94":0,"95":0,"96":0,"97":9,"98":2},"f":{"0":0,"1":0,"2":9,"3":3,"4":0,"5":0,"6":0,"7":0,"8":0,"9":0,"10":9},"b":{"0":[0,0],"1":[0,0],"2":[0,0],"3":[0,0],"4":[1,8],"5":[1,2],"6":[0,2],"7":[1,1],"8":[0,0],"9":[0,0],"10":[0,0],"11":[0,0],"12":[0,0],"13":[0,0],"14":[0,0],"15":[0,0],"16":[9,0],"17":[9,0]},"_coverageSchema":"1a1c01bbd47fc00a2c39e90264f33305004495a9","hash":"2bfee6f5bc1e9f6131b8257a6d15cbc6eb3f8869"}
}
