TN:
SF:server.js
FN:52,(anonymous_0)
FN:69,(anonymous_1)
FN:82,(anonymous_2)
FN:88,(anonymous_3)
FN:94,(anonymous_4)
FNF:5
FNH:1
FNDA:11,(anonymous_0)
FNDA:0,(anonymous_1)
FNDA:0,(anonymous_2)
FNDA:0,(anonymous_3)
FNDA:0,(anonymous_4)
DA:1,1
DA:2,1
DA:3,1
DA:4,1
DA:5,1
DA:6,1
DA:7,1
DA:8,1
DA:9,1
DA:10,1
DA:13,1
DA:16,1
DA:19,1
DA:20,1
DA:23,1
DA:29,1
DA:32,1
DA:33,1
DA:36,1
DA:46,1
DA:49,1
DA:52,1
DA:53,11
DA:54,11
DA:58,1
DA:59,1
DA:60,1
DA:61,1
DA:62,1
DA:63,1
DA:66,1
DA:69,1
DA:70,0
DA:71,0
DA:78,1
DA:81,1
DA:82,0
DA:83,0
DA:84,0
DA:88,0
DA:89,0
DA:91,0
DA:94,0
DA:95,0
DA:97,0
DA:101,1
LF:46
LH:35
BRDA:24,0,0,1
BRDA:24,0,1,0
BRDA:37,1,0,1
BRDA:37,1,1,0
BRDA:38,2,0,1
BRDA:38,2,1,0
BRDA:78,3,0,1
BRDA:78,3,1,0
BRDA:81,4,0,0
BRDA:81,4,1,1
BRDA:84,5,0,0
BRDA:84,5,1,0
BRF:12
BRH:5
end_of_record
TN:
SF:middleware/auth.js
FN:3,authMiddleware
FNF:1
FNH:1
FNDA:16,authMiddleware
DA:1,2
DA:4,16
DA:6,16
DA:8,16
DA:9,3
DA:16,13
DA:19,11
DA:22,11
DA:23,11
DA:24,0
DA:30,11
DA:32,2
DA:33,2
DA:40,2
LF:14
LH:13
BRDA:6,0,0,16
BRDA:6,0,1,4
BRDA:8,1,0,3
BRDA:8,1,1,13
BRDA:23,2,0,0
BRDA:23,2,1,11
BRDA:23,3,0,11
BRDA:23,3,1,9
BRF:8
BRH:7
end_of_record
TN:
SF:middleware/error.js
FN:24,(anonymous_0)
FN:50,(anonymous_1)
FNF:2
FNH:1
FNDA:0,(anonymous_0)
FNDA:2,(anonymous_1)
DA:1,2
DA:4,2
DA:17,2
DA:18,2
DA:24,2
DA:26,0
DA:35,0
DA:38,0
DA:51,2
DA:52,2
DA:53,2
DA:54,2
DA:58,2
LF:13
LH:10
BRDA:17,0,0,2
BRDA:17,0,1,0
BRDA:35,1,0,0
BRDA:35,1,1,0
BRDA:40,2,0,0
BRDA:40,2,1,0
BRDA:43,3,0,0
BRDA:43,3,1,0
BRDA:44,4,0,0
BRDA:44,4,1,0
BRF:10
BRH:1
end_of_record
TN:
SF:middleware/validate.js
FN:5,(anonymous_0)
FNF:1
FNH:1
FNDA:8,(anonymous_0)
DA:1,1
DA:2,1
DA:5,1
DA:6,8
DA:7,8
DA:8,1
DA:10,7
DA:14,1
DA:27,1
DA:32,1
LF:10
LH:10
BRDA:7,0,0,1
BRDA:7,0,1,7
BRF:2
BRH:2
end_of_record
TN:
SF:routes/auth.js
FN:20,(anonymous_0)
FN:34,(anonymous_1)
FN:107,(anonymous_2)
FN:173,(anonymous_3)
FN:182,(anonymous_4)
FNF:5
FNH:0
FNDA:0,(anonymous_0)
FNDA:0,(anonymous_1)
FNDA:0,(anonymous_2)
FNDA:0,(anonymous_3)
FNDA:0,(anonymous_4)
DA:1,1
DA:2,1
DA:3,1
DA:4,1
DA:5,1
DA:8,1
DA:11,1
DA:14,1
DA:21,0
DA:22,0
DA:24,0
DA:28,1
DA:34,1
DA:35,0
DA:36,0
DA:39,0
DA:40,0
DA:41,0
DA:48,0
DA:49,0
DA:56,0
DA:57,0
DA:60,0
DA:71,0
DA:74,0
DA:81,0
DA:89,0
DA:90,0
DA:98,0
DA:99,0
DA:107,1
DA:108,0
DA:109,0
DA:112,0
DA:113,0
DA:114,0
DA:122,0
DA:123,0
DA:124,0
DA:131,0
DA:132,0
DA:133,0
DA:140,0
DA:147,0
DA:155,0
DA:156,0
DA:164,0
DA:165,0
DA:173,1
DA:174,0
DA:175,0
DA:182,1
DA:183,0
DA:184,0
DA:185,0
DA:186,0
DA:192,0
DA:193,0
DA:200,0
DA:201,0
DA:208,1
LF:61
LH:14
BRDA:21,0,0,0
BRDA:21,0,1,0
BRDA:40,1,0,0
BRDA:40,1,1,0
BRDA:48,2,0,0
BRDA:48,2,1,0
BRDA:65,3,0,0
BRDA:65,3,1,0
BRDA:113,4,0,0
BRDA:113,4,1,0
BRDA:123,5,0,0
BRDA:123,5,1,0
BRDA:132,6,0,0
BRDA:132,6,1,0
BRDA:185,7,0,0
BRDA:185,7,1,0
BRF:16
BRH:0
end_of_record
TN:
SF:routes/bookings.js
FN:9,(anonymous_0)
FN:63,(anonymous_1)
FN:66,(anonymous_2)
FN:67,(anonymous_3)
FN:85,(anonymous_4)
FN:120,(anonymous_5)
FNF:6
FNH:0
FNDA:0,(anonymous_0)
FNDA:0,(anonymous_1)
FNDA:0,(anonymous_2)
FNDA:0,(anonymous_3)
FNDA:0,(anonymous_4)
FNDA:0,(anonymous_5)
DA:1,1
DA:2,1
DA:3,1
DA:6,1
DA:9,1
DA:10,0
DA:19,0
DA:22,0
DA:23,0
DA:30,0
DA:45,0
DA:47,0
DA:54,0
DA:55,0
DA:63,1
DA:64,0
DA:65,0
DA:66,0
DA:67,0
DA:69,0
DA:76,0
DA:77,0
DA:85,1
DA:86,0
DA:87,0
DA:89,0
DA:90,0
DA:97,0
DA:98,0
DA:104,0
DA:111,0
DA:112,0
DA:120,1
DA:121,0
DA:122,0
DA:124,0
DA:125,0
DA:132,0
DA:133,0
DA:140,0
DA:141,0
DA:142,0
DA:144,0
DA:151,0
DA:152,0
DA:159,1
LF:46
LH:9
BRDA:22,0,0,0
BRDA:22,0,1,0
BRDA:22,1,0,0
BRDA:22,1,1,0
BRDA:22,1,2,0
BRDA:22,1,3,0
BRDA:89,2,0,0
BRDA:89,2,1,0
BRDA:97,3,0,0
BRDA:97,3,1,0
BRDA:124,4,0,0
BRDA:124,4,1,0
BRDA:132,5,0,0
BRDA:132,5,1,0
BRF:14
BRH:0
end_of_record
TN:
SF:routes/cars.js
FN:9,(anonymous_0)
FN:27,(anonymous_1)
FN:55,(anonymous_2)
FN:75,(anonymous_3)
FNF:4
FNH:4
FNDA:1,(anonymous_0)
FNDA:5,(anonymous_1)
FNDA:2,(anonymous_2)
FNDA:2,(anonymous_3)
DA:1,1
DA:2,1
DA:3,1
DA:4,1
DA:5,1
DA:6,1
DA:9,1
DA:10,1
DA:11,1
DA:17,1
DA:22,0
DA:27,1
DA:28,5
DA:29,5
DA:40,5
DA:42,5
DA:50,0
DA:55,1
DA:56,2
DA:57,2
DA:59,2
DA:60,1
DA:63,1
DA:70,1
DA:75,1
DA:77,2
DA:84,2
DA:85,0
DA:94,2
DA:95,2
DA:104,0
DA:111,1
LF:32
LH:28
BRDA:36,0,0,5
BRDA:36,0,1,4
BRDA:37,1,0,5
BRDA:37,1,1,4
BRDA:59,2,0,1
BRDA:59,2,1,1
BRDA:79,3,0,2
BRDA:79,3,1,0
BRDA:80,4,0,0
BRDA:80,4,1,2
BRDA:84,5,0,0
BRDA:84,5,1,2
BRDA:84,6,0,2
BRDA:84,6,1,0
BRDA:94,7,0,2
BRDA:94,7,1,0
BRDA:99,8,0,2
BRDA:99,8,1,2
BRF:18
BRH:13
end_of_record
TN:
SF:routes/profile.js
FN:10,(anonymous_0)
FN:87,(anonymous_1)
FN:116,(anonymous_2)
FNF:3
FNH:0
FNDA:0,(anonymous_0)
FNDA:0,(anonymous_1)
FNDA:0,(anonymous_2)
DA:1,1
DA:2,1
DA:3,1
DA:4,1
DA:7,1
DA:10,1
DA:11,0
DA:12,0
DA:13,0
DA:15,0
DA:16,0
DA:23,0
DA:24,0
DA:31,0
DA:32,0
DA:33,0
DA:39,0
DA:40,0
DA:41,0
DA:48,0
DA:49,0
DA:53,0
DA:62,0
DA:63,0
DA:64,0
DA:66,0
DA:70,0
DA:71,0
DA:78,0
DA:79,0
DA:87,1
DA:88,0
DA:89,0
DA:91,0
DA:92,0
DA:99,0
DA:100,0
DA:107,0
DA:108,0
DA:116,1
DA:117,0
DA:118,0
DA:119,0
DA:121,0
DA:122,0
DA:129,0
DA:130,0
DA:136,0
DA:137,0
DA:138,0
DA:145,0
DA:147,0
DA:152,0
DA:153,0
DA:160,1
LF:55
LH:9
BRDA:15,0,0,0
BRDA:15,0,1,0
BRDA:23,1,0,0
BRDA:23,1,1,0
BRDA:23,2,0,0
BRDA:23,2,1,0
BRDA:23,2,2,0
BRDA:31,3,0,0
BRDA:31,3,1,0
BRDA:32,4,0,0
BRDA:32,4,1,0
BRDA:40,5,0,0
BRDA:40,5,1,0
BRDA:55,6,0,0
BRDA:55,6,1,0
BRDA:56,7,0,0
BRDA:56,7,1,0
BRDA:57,8,0,0
BRDA:57,8,1,0
BRDA:62,9,0,0
BRDA:62,9,1,0
BRDA:62,10,0,0
BRDA:62,10,1,0
BRDA:91,11,0,0
BRDA:91,11,1,0
BRDA:121,12,0,0
BRDA:121,12,1,0
BRDA:129,13,0,0
BRDA:129,13,1,0
BRDA:137,14,0,0
BRDA:137,14,1,0
BRF:31
BRH:0
end_of_record
TN:
SF:routes/reviews.js
FN:9,(anonymous_0)
FN:59,(anonymous_1)
FN:62,(anonymous_2)
FN:63,(anonymous_3)
FN:66,(anonymous_4)
FN:87,(anonymous_5)
FN:90,(anonymous_6)
FN:91,(anonymous_7)
FN:110,(anonymous_8)
FN:167,(anonymous_9)
FNF:10
FNH:0
FNDA:0,(anonymous_0)
FNDA:0,(anonymous_1)
FNDA:0,(anonymous_2)
FNDA:0,(anonymous_3)
FNDA:0,(anonymous_4)
FNDA:0,(anonymous_5)
FNDA:0,(anonymous_6)
FNDA:0,(anonymous_7)
FNDA:0,(anonymous_8)
FNDA:0,(anonymous_9)
DA:1,1
DA:2,1
DA:3,1
DA:6,1
DA:9,1
DA:10,0
DA:11,0
DA:14,0
DA:15,0
DA:21,0
DA:22,0
DA:29,0
DA:41,0
DA:43,0
DA:50,0
DA:51,0
DA:59,1
DA:60,0
DA:61,0
DA:62,0
DA:63,0
DA:66,0
DA:67,0
DA:69,0
DA:78,0
DA:79,0
DA:87,1
DA:88,0
DA:89,0
DA:90,0
DA:91,0
DA:93,0
DA:101,0
DA:102,0
DA:110,1
DA:111,0
DA:112,0
DA:114,0
DA:115,0
DA:122,0
DA:123,0
DA:129,0
DA:132,0
DA:133,0
DA:140,0
DA:149,0
DA:151,0
DA:158,0
DA:159,0
DA:167,1
DA:168,0
DA:169,0
DA:171,0
DA:172,0
DA:179,0
DA:180,0
DA:187,0
DA:189,0
DA:194,0
DA:195,0
DA:202,1
LF:61
LH:10
BRDA:14,0,0,0
BRDA:14,0,1,0
BRDA:14,1,0,0
BRDA:14,1,1,0
BRDA:14,1,2,0
BRDA:21,2,0,0
BRDA:21,2,1,0
BRDA:21,3,0,0
BRDA:21,3,1,0
BRDA:34,4,0,0
BRDA:34,4,1,0
BRDA:67,5,0,0
BRDA:67,5,1,0
BRDA:114,6,0,0
BRDA:114,6,1,0
BRDA:122,7,0,0
BRDA:122,7,1,0
BRDA:132,8,0,0
BRDA:132,8,1,0
BRDA:132,9,0,0
BRDA:132,9,1,0
BRDA:132,9,2,0
BRDA:142,10,0,0
BRDA:142,10,1,0
BRDA:143,11,0,0
BRDA:143,11,1,0
BRDA:144,12,0,0
BRDA:144,12,1,0
BRDA:171,13,0,0
BRDA:171,13,1,0
BRDA:179,14,0,0
BRDA:179,14,1,0
BRF:32
BRH:0
end_of_record
TN:
SF:routes/support.js
FN:9,(anonymous_0)
FN:52,(anonymous_1)
FN:55,(anonymous_2)
FN:56,(anonymous_3)
FN:75,(anonymous_4)
FN:110,(anonymous_5)
FN:165,(anonymous_6)
FN:206,(anonymous_7)
FNF:8
FNH:0
FNDA:0,(anonymous_0)
FNDA:0,(anonymous_1)
FNDA:0,(anonymous_2)
FNDA:0,(anonymous_3)
FNDA:0,(anonymous_4)
FNDA:0,(anonymous_5)
FNDA:0,(anonymous_6)
FNDA:0,(anonymous_7)
DA:1,1
DA:2,1
DA:3,1
DA:6,1
DA:9,1
DA:10,0
DA:11,0
DA:14,0
DA:15,0
DA:22,0
DA:34,0
DA:36,0
DA:43,0
DA:44,0
DA:52,1
DA:53,0
DA:54,0
DA:55,0
DA:56,0
DA:58,0
DA:66,0
DA:67,0
DA:75,1
DA:76,0
DA:77,0
DA:79,0
DA:80,0
DA:87,0
DA:88,0
DA:94,0
DA:101,0
DA:102,0
DA:110,1
DA:111,0
DA:112,0
DA:113,0
DA:115,0
DA:116,0
DA:123,0
DA:124,0
DA:130,0
DA:131,0
DA:138,0
DA:145,0
DA:146,0
DA:147,0
DA:149,0
DA:156,0
DA:157,0
DA:165,1
DA:166,0
DA:167,0
DA:169,0
DA:170,0
DA:177,0
DA:178,0
DA:185,0
DA:186,0
DA:187,0
DA:188,0
DA:190,0
DA:197,0
DA:198,0
DA:206,1
DA:207,0
DA:208,0
DA:210,0
DA:211,0
DA:218,0
DA:219,0
DA:226,0
DA:227,0
DA:228,0
DA:229,0
DA:231,0
DA:238,0
DA:239,0
DA:246,1
LF:78
LH:11
BRDA:14,0,0,0
BRDA:14,0,1,0
BRDA:14,1,0,0
BRDA:14,1,1,0
BRDA:79,2,0,0
BRDA:79,2,1,0
BRDA:87,3,0,0
BRDA:87,3,1,0
BRDA:115,4,0,0
BRDA:115,4,1,0
BRDA:123,5,0,0
BRDA:123,5,1,0
BRDA:130,6,0,0
BRDA:130,6,1,0
BRDA:169,7,0,0
BRDA:169,7,1,0
BRDA:177,8,0,0
BRDA:177,8,1,0
BRDA:210,9,0,0
BRDA:210,9,1,0
BRDA:218,10,0,0
BRDA:218,10,1,0
BRF:22
BRH:0
end_of_record
TN:
SF:services/carService.js
FN:58,(anonymous_0)
FN:65,(anonymous_1)
FN:71,(anonymous_2)
FN:78,(anonymous_3)
FN:84,(anonymous_4)
FN:91,(anonymous_5)
FN:94,(anonymous_6)
FN:104,(anonymous_7)
FN:107,(anonymous_8)
FN:110,(anonymous_9)
FN:113,(anonymous_10)
FN:139,(anonymous_11)
FN:141,(anonymous_12)
FN:153,(anonymous_13)
FN:158,(anonymous_14)
FN:163,(anonymous_15)
FN:165,(anonymous_16)
FN:166,(anonymous_17)
FNF:18
FNH:16
FNDA:14,(anonymous_0)
FNDA:6,(anonymous_1)
FNDA:6,(anonymous_2)
FNDA:3,(anonymous_3)
FNDA:3,(anonymous_4)
FNDA:3,(anonymous_5)
FNDA:8,(anonymous_6)
FNDA:4,(anonymous_7)
FNDA:0,(anonymous_8)
FNDA:4,(anonymous_9)
FNDA:0,(anonymous_10)
FNDA:4,(anonymous_11)
FNDA:8,(anonymous_12)
FNDA:2,(anonymous_13)
FNDA:2,(anonymous_14)
FNDA:2,(anonymous_15)
FNDA:6,(anonymous_16)
FNDA:24,(anonymous_17)
DA:1,2
DA:4,2
DA:50,2
DA:59,14
DA:60,14
DA:61,14
DA:64,14
DA:65,6
DA:68,14
DA:69,2
DA:70,2
DA:71,2
DA:72,6
DA:77,14
DA:78,1
DA:79,3
DA:83,14
DA:84,1
DA:85,3
DA:89,14
DA:90,1
DA:91,1
DA:92,3
DA:95,8
DA:101,14
DA:102,3
DA:104,4
DA:105,2
DA:107,0
DA:108,0
DA:110,4
DA:111,1
DA:113,0
DA:114,0
DA:119,14
DA:120,14
DA:121,14
DA:122,14
DA:124,14
DA:134,0
DA:135,0
DA:140,4
DA:141,8
DA:142,4
DA:143,2
DA:145,2
DA:147,0
DA:148,0
DA:154,2
DA:159,2
DA:164,2
DA:165,2
DA:166,24
DA:168,2
DA:172,2
LF:55
LH:47
BRDA:58,0,0,1
BRDA:61,1,0,8
BRDA:61,2,0,8
BRDA:64,3,0,2
BRDA:64,3,1,12
BRDA:68,4,0,2
BRDA:68,4,1,12
BRDA:70,5,0,2
BRDA:70,5,1,0
BRDA:72,6,0,6
BRDA:72,6,1,2
BRDA:77,7,0,1
BRDA:77,7,1,13
BRDA:83,8,0,1
BRDA:83,8,1,13
BRDA:89,9,0,1
BRDA:89,9,1,13
BRDA:92,10,0,3
BRDA:92,10,1,2
BRDA:92,10,2,2
BRDA:101,11,0,3
BRDA:101,11,1,11
BRDA:102,12,0,2
BRDA:102,12,1,0
BRDA:102,12,2,1
BRDA:102,12,3,0
BRDA:142,13,0,2
BRDA:142,13,1,2
BRF:28
BRH:25
end_of_record
