TN:
SF:server.js
FN:40,(anonymous_0)
FN:58,(anonymous_1)
FN:83,(anonymous_2)
FN:106,(anonymous_3)
FN:113,(anonymous_4)
FN:123,(anonymous_5)
FN:158,(anonymous_6)
FN:177,(anonymous_7)
FN:183,(anonymous_8)
FN:186,(anonymous_9)
FN:186,(anonymous_10)
FN:192,(anonymous_11)
FN:193,(anonymous_12)
FN:212,(anonymous_13)
FN:219,(anonymous_14)
FN:220,(anonymous_15)
FN:223,(anonymous_16)
FN:228,(anonymous_17)
FNF:18
FNH:3
FNDA:29,(anonymous_0)
FNDA:0,(anonymous_1)
FNDA:0,(anonymous_2)
FNDA:0,(anonymous_3)
FNDA:0,(anonymous_4)
FNDA:43,(anonymous_5)
FNDA:14,(anonymous_6)
FNDA:0,(anonymous_7)
FNDA:0,(anonymous_8)
FNDA:0,(anonymous_9)
FNDA:0,(anonymous_10)
FNDA:0,(anonymous_11)
FNDA:0,(anonymous_12)
FNDA:0,(anonymous_13)
FNDA:0,(anonymous_14)
FNDA:0,(anonymous_15)
FNDA:0,(anonymous_16)
FNDA:0,(anonymous_17)
DA:1,2
DA:2,2
DA:3,2
DA:4,2
DA:5,2
DA:6,2
DA:7,2
DA:8,2
DA:9,2
DA:10,2
DA:11,2
DA:14,2
DA:17,2
DA:20,2
DA:23,2
DA:26,2
DA:27,2
DA:34,2
DA:37,2
DA:38,0
DA:40,29
DA:44,2
DA:45,2
DA:48,2
DA:59,0
DA:64,0
DA:73,2
DA:84,0
DA:89,0
DA:98,2
DA:99,2
DA:102,2
DA:103,0
DA:106,0
DA:107,0
DA:108,0
DA:113,2
DA:114,0
DA:123,2
DA:124,43
DA:125,0
DA:132,0
DA:140,43
DA:144,2
DA:145,2
DA:146,2
DA:147,2
DA:148,2
DA:149,2
DA:152,2
DA:155,2
DA:158,2
DA:159,14
DA:167,14
DA:176,2
DA:177,0
DA:178,0
DA:179,0
DA:183,0
DA:184,0
DA:186,0
DA:190,0
DA:192,0
DA:193,0
DA:194,0
DA:195,0
DA:196,0
DA:201,0
DA:202,0
DA:205,0
DA:207,0
DA:208,0
DA:212,0
DA:213,0
DA:214,0
DA:219,0
DA:220,0
DA:223,0
DA:224,0
DA:225,0
DA:228,0
DA:229,0
DA:230,0
DA:234,2
LF:84
LH:44
BRDA:30,0,0,0
BRDA:30,0,1,2
BRDA:37,1,0,0
BRDA:37,1,1,2
BRDA:102,2,0,0
BRDA:102,2,1,2
BRDA:124,3,0,0
BRDA:124,3,1,43
BRDA:124,4,0,43
BRDA:124,4,1,0
BRDA:136,5,0,0
BRDA:136,5,1,0
BRDA:176,6,0,0
BRDA:176,6,1,2
BRDA:185,7,0,0
BRDA:185,7,1,0
BRDA:186,8,0,0
BRDA:186,8,1,0
BRDA:194,9,0,0
BRDA:194,9,1,0
BRF:20
BRH:6
end_of_record
TN:
SF:config/config.js
FN:135,(anonymous_0)
FN:183,(anonymous_1)
FNF:2
FNH:1
FNDA:0,(anonymous_0)
FNDA:8,(anonymous_1)
DA:1,4
DA:2,4
DA:5,4
DA:7,4
DA:135,0
DA:178,4
DA:183,8
DA:184,4
DA:185,0
DA:188,4
LF:10
LH:8
BRDA:10,0,0,4
BRDA:10,0,1,0
BRDA:11,1,0,4
BRDA:11,1,1,0
BRDA:12,2,0,4
BRDA:12,2,1,0
BRDA:13,3,0,4
BRDA:13,3,1,0
BRDA:18,4,0,4
BRDA:18,4,1,0
BRDA:31,5,0,4
BRDA:31,5,1,0
BRDA:32,6,0,4
BRDA:32,6,1,0
BRDA:34,7,0,4
BRDA:34,7,1,4
BRDA:35,8,0,4
BRDA:35,8,1,4
BRDA:37,9,0,4
BRDA:37,9,1,4
BRDA:38,10,0,4
BRDA:38,10,1,4
BRDA:42,11,0,0
BRDA:42,11,1,4
BRDA:44,12,0,4
BRDA:44,12,1,4
BRDA:50,13,0,4
BRDA:50,13,1,0
BRDA:51,14,0,4
BRDA:51,14,1,0
BRDA:56,15,0,4
BRDA:56,15,1,0
BRDA:71,16,0,4
BRDA:71,16,1,0
BRDA:74,17,0,4
BRDA:74,17,1,0
BRDA:75,18,0,4
BRDA:75,18,1,0
BRDA:79,19,0,4
BRDA:79,19,1,4
BRDA:80,20,0,4
BRDA:80,20,1,4
BRDA:85,21,0,4
BRDA:85,21,1,0
BRDA:112,22,0,4
BRDA:112,22,1,4
BRDA:119,23,0,4
BRDA:119,23,1,0
BRDA:120,24,0,4
BRDA:120,24,1,4
BRDA:133,25,0,0
BRDA:133,25,1,4
BRDA:143,26,0,4
BRDA:143,26,1,4
BRDA:144,27,0,4
BRDA:144,27,1,4
BRDA:166,28,0,4
BRDA:166,28,1,0
BRDA:167,29,0,4
BRDA:167,29,1,0
BRDA:168,30,0,4
BRDA:168,30,1,0
BRDA:172,31,0,4
BRDA:172,31,1,0
BRDA:184,32,0,0
BRDA:184,32,1,4
BRF:66
BRH:44
end_of_record
TN:
SF:config/database.js
FN:4,(anonymous_0)
FN:40,(anonymous_1)
FN:44,(anonymous_2)
FN:48,(anonymous_3)
FN:53,(anonymous_4)
FNF:5
FNH:1
FNDA:2,(anonymous_0)
FNDA:0,(anonymous_1)
FNDA:0,(anonymous_2)
FNDA:0,(anonymous_3)
FNDA:0,(anonymous_4)
DA:1,2
DA:2,2
DA:4,2
DA:5,2
DA:7,2
DA:22,2
DA:27,2
DA:28,2
DA:29,2
DA:30,2
DA:31,2
DA:35,2
DA:37,0
DA:40,0
DA:41,0
DA:44,0
DA:45,0
DA:48,0
DA:49,0
DA:53,0
DA:54,0
DA:55,0
DA:56,0
DA:57,0
DA:59,0
DA:60,0
DA:65,2
DA:67,2
DA:68,0
DA:70,2
DA:74,2
LF:31
LH:16
BRDA:22,0,0,2
BRDA:22,0,1,0
BRDA:24,1,0,0
BRDA:24,1,1,0
BRDA:27,2,0,2
BRDA:27,2,1,0
BRDA:67,3,0,0
BRDA:67,3,1,2
BRF:8
BRH:3
end_of_record
TN:
SF:middleware/auth.js
FN:11,authMiddleware
FN:12,(anonymous_1)
FN:48,(anonymous_2)
FN:100,(anonymous_3)
FN:105,(anonymous_4)
FNF:5
FNH:1
FNDA:19,authMiddleware
FNDA:0,(anonymous_1)
FNDA:0,(anonymous_2)
FNDA:0,(anonymous_3)
FNDA:0,(anonymous_4)
DA:1,3
DA:2,3
DA:3,3
DA:12,19
DA:13,0
DA:15,0
DA:18,0
DA:19,0
DA:22,0
DA:23,0
DA:26,0
DA:28,0
DA:35,0
DA:36,0
DA:37,0
DA:41,0
DA:42,0
DA:46,0
DA:47,0
DA:48,0
DA:49,0
DA:52,0
DA:53,0
DA:58,0
DA:66,0
DA:71,0
DA:74,0
DA:75,0
DA:76,0
DA:77,0
DA:78,0
DA:79,0
DA:81,0
DA:85,0
DA:94,0
DA:100,3
DA:101,0
DA:105,3
DA:106,0
DA:109,3
LF:40
LH:7
BRDA:11,0,0,0
BRDA:15,1,0,0
BRDA:15,1,1,0
BRDA:18,2,0,0
BRDA:18,2,1,0
BRDA:18,3,0,0
BRDA:18,3,1,0
BRDA:22,4,0,0
BRDA:22,4,1,0
BRDA:36,5,0,0
BRDA:36,5,1,0
BRDA:36,6,0,0
BRDA:36,6,1,0
BRDA:41,7,0,0
BRDA:41,7,1,0
BRDA:41,8,0,0
BRDA:41,8,1,0
BRDA:46,9,0,0
BRDA:46,9,1,0
BRDA:46,10,0,0
BRDA:46,10,1,0
BRDA:47,11,0,0
BRDA:47,11,1,0
BRDA:52,12,0,0
BRDA:52,12,1,0
BRDA:61,13,0,0
BRDA:61,13,1,0
BRDA:74,14,0,0
BRDA:74,14,1,0
BRDA:76,15,0,0
BRDA:76,15,1,0
BRDA:78,16,0,0
BRDA:78,16,1,0
BRF:33
BRH:0
end_of_record
TN:
SF:middleware/error.js
FN:27,(anonymous_0)
FN:73,(anonymous_1)
FN:91,(anonymous_2)
FN:116,(anonymous_3)
FN:122,(anonymous_4)
FN:178,(anonymous_5)
FN:189,(anonymous_6)
FN:195,(anonymous_7)
FN:201,(anonymous_8)
FN:207,(anonymous_9)
FN:213,(anonymous_10)
FN:219,(anonymous_11)
FNF:12
FNH:8
FNDA:124,(anonymous_0)
FNDA:43,(anonymous_1)
FNDA:29,(anonymous_2)
FNDA:35,(anonymous_3)
FNDA:6,(anonymous_4)
FNDA:6,(anonymous_5)
FNDA:3,(anonymous_6)
FNDA:0,(anonymous_7)
FNDA:0,(anonymous_8)
FNDA:0,(anonymous_9)
FNDA:0,(anonymous_10)
FNDA:1,(anonymous_11)
DA:1,4
DA:2,4
DA:5,4
DA:18,4
DA:21,4
DA:28,124
DA:29,124
DA:30,124
DA:31,124
DA:33,124
DA:63,4
DA:64,4
DA:73,4
DA:75,43
DA:78,43
DA:81,43
DA:91,43
DA:92,29
DA:93,29
DA:101,29
DA:102,0
DA:112,43
DA:116,4
DA:117,35
DA:118,35
DA:122,4
DA:123,6
DA:126,6
DA:145,6
DA:146,6
DA:149,6
DA:150,6
DA:151,0
DA:157,6
DA:170,6
DA:179,6
DA:180,6
DA:181,6
DA:182,6
DA:183,6
DA:184,6
DA:190,3
DA:196,0
DA:202,0
DA:208,0
DA:214,0
DA:219,4
DA:220,1
DA:221,1
DA:232,4
DA:234,4
LF:51
LH:45
BRDA:22,0,0,4
BRDA:22,0,1,0
BRDA:28,1,0,124
BRDA:28,1,1,38
BRDA:29,2,0,124
BRDA:29,2,1,124
BRDA:30,3,0,124
BRDA:30,3,1,95
BRDA:31,4,0,29
BRDA:31,4,1,95
BRDA:33,5,0,0
BRDA:33,5,1,124
BRDA:63,6,0,4
BRDA:63,6,1,0
BRDA:75,7,0,43
BRDA:75,7,1,43
BRDA:101,8,0,0
BRDA:101,8,1,29
BRDA:145,9,0,6
BRDA:145,9,1,0
BRDA:146,10,0,6
BRDA:146,10,1,0
BRDA:150,11,0,0
BRDA:150,11,1,6
BRDA:151,12,0,0
BRDA:151,12,1,0
BRDA:163,13,0,6
BRDA:163,13,1,6
BRDA:170,14,0,0
BRDA:170,14,1,6
BRDA:178,15,0,3
BRDA:189,16,0,0
BRDA:195,17,0,0
BRDA:201,18,0,0
BRDA:207,19,0,0
BRDA:213,20,0,0
BRF:36
BRH:21
end_of_record
TN:
SF:middleware/validate.js
FN:5,(anonymous_0)
FN:8,(anonymous_1)
FN:74,(anonymous_2)
FN:75,(anonymous_3)
FN:80,(anonymous_4)
FN:146,(anonymous_5)
FN:151,(anonymous_6)
FNF:7
FNH:0
FNDA:0,(anonymous_0)
FNDA:0,(anonymous_1)
FNDA:0,(anonymous_2)
FNDA:0,(anonymous_3)
FNDA:0,(anonymous_4)
FNDA:0,(anonymous_5)
FNDA:0,(anonymous_6)
DA:1,2
DA:2,2
DA:5,2
DA:6,0
DA:7,0
DA:8,0
DA:9,0
DA:10,0
DA:12,0
DA:13,0
DA:16,0
DA:22,0
DA:26,2
DA:57,2
DA:74,0
DA:76,0
DA:80,0
DA:103,2
DA:113,2
DA:123,2
DA:129,2
DA:135,2
DA:146,0
DA:151,0
DA:167,2
DA:186,2
LF:26
LH:12
BRDA:7,0,0,0
BRDA:7,0,1,0
BRDA:9,1,0,0
BRDA:9,1,1,0
BRF:4
BRH:0
end_of_record
TN:
SF:middleware/validateJoi.js
FN:9,(anonymous_0)
FN:10,(anonymous_1)
FN:15,(anonymous_2)
FNF:3
FNH:3
FNDA:10,(anonymous_0)
FNDA:15,(anonymous_1)
FNDA:3,(anonymous_2)
DA:1,2
DA:9,2
DA:10,10
DA:11,15
DA:13,15
DA:15,3
DA:16,3
DA:17,3
DA:18,3
DA:20,3
DA:21,3
DA:24,3
DA:32,12
DA:33,12
DA:37,2
LF:15
LH:15
BRDA:9,0,0,10
BRDA:13,1,0,3
BRDA:13,1,1,12
BRDA:17,2,0,3
BRDA:17,2,1,0
BRF:5
BRH:4
end_of_record
TN:
SF:middleware/validationSchemas.js
FN:4,(anonymous_0)
FN:10,(anonymous_1)
FNF:2
FNH:1
FNDA:2,(anonymous_0)
FNDA:0,(anonymous_1)
DA:1,2
DA:4,2
DA:11,0
DA:12,0
DA:14,0
DA:19,2
DA:20,2
DA:21,2
DA:24,2
DA:35,2
DA:91,2
DA:107,2
DA:147,2
LF:13
LH:10
BRDA:11,0,0,0
BRDA:11,0,1,0
BRF:2
BRH:0
end_of_record
TN:
SF:models/User.js
FN:19,(anonymous_0)
FN:35,(anonymous_1)
FN:98,(anonymous_2)
FN:111,(anonymous_3)
FN:120,(anonymous_4)
FN:125,(anonymous_5)
FN:130,(anonymous_6)
FN:146,(anonymous_7)
FNF:8
FNH:7
FNDA:8,(anonymous_0)
FNDA:0,(anonymous_1)
FNDA:8,(anonymous_2)
FNDA:2,(anonymous_3)
FNDA:2,(anonymous_4)
FNDA:3,(anonymous_5)
FNDA:1,(anonymous_6)
FNDA:1,(anonymous_7)
DA:1,2
DA:2,2
DA:4,2
DA:20,8
DA:36,0
DA:93,2
DA:94,2
DA:95,2
DA:98,2
DA:99,8
DA:101,8
DA:102,8
DA:103,8
DA:104,8
DA:106,0
DA:111,2
DA:112,2
DA:113,2
DA:115,0
DA:120,2
DA:121,2
DA:125,2
DA:126,3
DA:130,2
DA:131,1
DA:133,1
DA:146,2
DA:147,1
DA:159,2
DA:161,2
LF:30
LH:27
BRDA:36,0,0,0
BRDA:36,0,1,0
BRDA:99,1,0,0
BRDA:99,1,1,8
BRDA:121,2,0,2
BRDA:121,2,1,0
BRF:6
BRH:2
end_of_record
TN:
SF:routes/auth.js
FN:10,(anonymous_0)
FN:23,(anonymous_1)
FN:42,(anonymous_2)
FN:64,(anonymous_3)
FN:87,(anonymous_4)
FN:101,(anonymous_5)
FN:114,(anonymous_6)
FN:127,(anonymous_7)
FN:141,(anonymous_8)
FN:154,(anonymous_9)
FN:167,(anonymous_10)
FNF:11
FNH:2
FNDA:0,(anonymous_0)
FNDA:0,(anonymous_1)
FNDA:9,(anonymous_2)
FNDA:3,(anonymous_3)
FNDA:0,(anonymous_4)
FNDA:0,(anonymous_5)
FNDA:0,(anonymous_6)
FNDA:0,(anonymous_7)
FNDA:0,(anonymous_8)
FNDA:0,(anonymous_9)
FNDA:0,(anonymous_10)
DA:1,2
DA:2,2
DA:3,2
DA:4,2
DA:5,2
DA:6,2
DA:7,2
DA:10,2
DA:11,0
DA:12,0
DA:13,0
DA:18,0
DA:23,2
DA:24,0
DA:25,0
DA:26,0
DA:28,0
DA:29,0
DA:32,0
DA:37,0
DA:42,2
DA:43,9
DA:44,9
DA:47,8
DA:54,8
DA:59,1
DA:64,2
DA:65,3
DA:66,3
DA:67,3
DA:70,1
DA:77,1
DA:82,2
DA:87,2
DA:88,0
DA:94,0
DA:101,2
DA:102,0
DA:103,0
DA:104,0
DA:109,0
DA:114,2
DA:115,0
DA:116,0
DA:117,0
DA:122,0
DA:127,2
DA:128,0
DA:129,0
DA:131,0
DA:136,0
DA:141,2
DA:142,0
DA:143,0
DA:144,0
DA:149,0
DA:154,2
DA:155,0
DA:156,0
DA:157,0
DA:162,0
DA:167,2
DA:168,0
DA:169,0
DA:170,0
DA:171,0
DA:175,0
DA:177,0
DA:182,0
DA:186,2
LF:70
LH:30
BRDA:28,0,0,0
BRDA:28,0,1,0
BRDA:170,1,0,0
BRDA:170,1,1,0
BRF:4
BRH:0
end_of_record
TN:
SF:routes/bookings.js
FN:9,(anonymous_0)
FN:63,(anonymous_1)
FN:66,(anonymous_2)
FN:67,(anonymous_3)
FN:85,(anonymous_4)
FN:120,(anonymous_5)
FNF:6
FNH:0
FNDA:0,(anonymous_0)
FNDA:0,(anonymous_1)
FNDA:0,(anonymous_2)
FNDA:0,(anonymous_3)
FNDA:0,(anonymous_4)
FNDA:0,(anonymous_5)
DA:1,2
DA:2,2
DA:3,2
DA:6,2
DA:9,2
DA:10,0
DA:19,0
DA:22,0
DA:23,0
DA:30,0
DA:45,0
DA:47,0
DA:54,0
DA:55,0
DA:63,2
DA:64,0
DA:65,0
DA:66,0
DA:67,0
DA:69,0
DA:76,0
DA:77,0
DA:85,2
DA:86,0
DA:87,0
DA:89,0
DA:90,0
DA:97,0
DA:98,0
DA:104,0
DA:111,0
DA:112,0
DA:120,2
DA:121,0
DA:122,0
DA:124,0
DA:125,0
DA:132,0
DA:133,0
DA:140,0
DA:141,0
DA:142,0
DA:144,0
DA:151,0
DA:152,0
DA:159,2
LF:46
LH:9
BRDA:22,0,0,0
BRDA:22,0,1,0
BRDA:22,1,0,0
BRDA:22,1,1,0
BRDA:22,1,2,0
BRDA:22,1,3,0
BRDA:89,2,0,0
BRDA:89,2,1,0
BRDA:97,3,0,0
BRDA:97,3,1,0
BRDA:124,4,0,0
BRDA:124,4,1,0
BRDA:132,5,0,0
BRDA:132,5,1,0
BRF:14
BRH:0
end_of_record
TN:
SF:routes/cars.js
FN:15,(anonymous_0)
FN:33,(anonymous_1)
FN:63,(anonymous_2)
FN:80,(anonymous_3)
FN:101,(anonymous_4)
FN:121,(anonymous_5)
FN:141,(anonymous_6)
FNF:7
FNH:0
FNDA:0,(anonymous_0)
FNDA:0,(anonymous_1)
FNDA:0,(anonymous_2)
FNDA:0,(anonymous_3)
FNDA:0,(anonymous_4)
FNDA:0,(anonymous_5)
FNDA:0,(anonymous_6)
DA:1,2
DA:2,2
DA:3,2
DA:10,2
DA:11,2
DA:12,2
DA:15,2
DA:16,0
DA:17,0
DA:23,0
DA:28,0
DA:33,2
DA:34,0
DA:35,0
DA:48,0
DA:50,0
DA:58,0
DA:63,2
DA:64,0
DA:65,0
DA:66,0
DA:68,0
DA:75,0
DA:80,2
DA:81,0
DA:82,0
DA:83,0
DA:85,0
DA:86,0
DA:89,0
DA:96,0
DA:101,2
DA:102,0
DA:103,0
DA:105,0
DA:106,0
DA:109,0
DA:116,0
DA:121,2
DA:122,0
DA:123,0
DA:125,0
DA:126,0
DA:129,0
DA:136,0
DA:141,2
DA:143,0
DA:155,0
DA:156,0
DA:165,0
DA:166,0
DA:175,0
DA:182,2
LF:53
LH:14
BRDA:42,0,0,0
BRDA:42,0,1,0
BRDA:43,1,0,0
BRDA:43,1,1,0
BRDA:65,2,0,0
BRDA:65,2,1,0
BRDA:85,3,0,0
BRDA:85,3,1,0
BRDA:105,4,0,0
BRDA:105,4,1,0
BRDA:125,5,0,0
BRDA:125,5,1,0
BRDA:145,6,0,0
BRDA:145,6,1,0
BRDA:151,7,0,0
BRDA:151,7,1,0
BRDA:155,8,0,0
BRDA:155,8,1,0
BRDA:155,9,0,0
BRDA:155,9,1,0
BRDA:165,10,0,0
BRDA:165,10,1,0
BRDA:170,11,0,0
BRDA:170,11,1,0
BRF:24
BRH:0
end_of_record
TN:
SF:routes/profile.js
FN:10,(anonymous_0)
FN:87,(anonymous_1)
FN:116,(anonymous_2)
FNF:3
FNH:0
FNDA:0,(anonymous_0)
FNDA:0,(anonymous_1)
FNDA:0,(anonymous_2)
DA:1,2
DA:2,2
DA:3,2
DA:4,2
DA:7,2
DA:10,2
DA:11,0
DA:12,0
DA:13,0
DA:15,0
DA:16,0
DA:23,0
DA:24,0
DA:31,0
DA:32,0
DA:33,0
DA:39,0
DA:40,0
DA:41,0
DA:48,0
DA:49,0
DA:53,0
DA:62,0
DA:63,0
DA:64,0
DA:66,0
DA:70,0
DA:71,0
DA:78,0
DA:79,0
DA:87,2
DA:88,0
DA:89,0
DA:91,0
DA:92,0
DA:99,0
DA:100,0
DA:107,0
DA:108,0
DA:116,2
DA:117,0
DA:118,0
DA:119,0
DA:121,0
DA:122,0
DA:129,0
DA:130,0
DA:136,0
DA:137,0
DA:138,0
DA:145,0
DA:147,0
DA:152,0
DA:153,0
DA:160,2
LF:55
LH:9
BRDA:15,0,0,0
BRDA:15,0,1,0
BRDA:23,1,0,0
BRDA:23,1,1,0
BRDA:23,2,0,0
BRDA:23,2,1,0
BRDA:23,2,2,0
BRDA:31,3,0,0
BRDA:31,3,1,0
BRDA:32,4,0,0
BRDA:32,4,1,0
BRDA:40,5,0,0
BRDA:40,5,1,0
BRDA:55,6,0,0
BRDA:55,6,1,0
BRDA:56,7,0,0
BRDA:56,7,1,0
BRDA:57,8,0,0
BRDA:57,8,1,0
BRDA:62,9,0,0
BRDA:62,9,1,0
BRDA:62,10,0,0
BRDA:62,10,1,0
BRDA:91,11,0,0
BRDA:91,11,1,0
BRDA:121,12,0,0
BRDA:121,12,1,0
BRDA:129,13,0,0
BRDA:129,13,1,0
BRDA:137,14,0,0
BRDA:137,14,1,0
BRF:31
BRH:0
end_of_record
TN:
SF:routes/reviews.js
FN:9,(anonymous_0)
FN:59,(anonymous_1)
FN:62,(anonymous_2)
FN:63,(anonymous_3)
FN:66,(anonymous_4)
FN:87,(anonymous_5)
FN:90,(anonymous_6)
FN:91,(anonymous_7)
FN:110,(anonymous_8)
FN:167,(anonymous_9)
FNF:10
FNH:0
FNDA:0,(anonymous_0)
FNDA:0,(anonymous_1)
FNDA:0,(anonymous_2)
FNDA:0,(anonymous_3)
FNDA:0,(anonymous_4)
FNDA:0,(anonymous_5)
FNDA:0,(anonymous_6)
FNDA:0,(anonymous_7)
FNDA:0,(anonymous_8)
FNDA:0,(anonymous_9)
DA:1,2
DA:2,2
DA:3,2
DA:6,2
DA:9,2
DA:10,0
DA:11,0
DA:14,0
DA:15,0
DA:21,0
DA:22,0
DA:29,0
DA:41,0
DA:43,0
DA:50,0
DA:51,0
DA:59,2
DA:60,0
DA:61,0
DA:62,0
DA:63,0
DA:66,0
DA:67,0
DA:69,0
DA:78,0
DA:79,0
DA:87,2
DA:88,0
DA:89,0
DA:90,0
DA:91,0
DA:93,0
DA:101,0
DA:102,0
DA:110,2
DA:111,0
DA:112,0
DA:114,0
DA:115,0
DA:122,0
DA:123,0
DA:129,0
DA:132,0
DA:133,0
DA:140,0
DA:149,0
DA:151,0
DA:158,0
DA:159,0
DA:167,2
DA:168,0
DA:169,0
DA:171,0
DA:172,0
DA:179,0
DA:180,0
DA:187,0
DA:189,0
DA:194,0
DA:195,0
DA:202,2
LF:61
LH:10
BRDA:14,0,0,0
BRDA:14,0,1,0
BRDA:14,1,0,0
BRDA:14,1,1,0
BRDA:14,1,2,0
BRDA:21,2,0,0
BRDA:21,2,1,0
BRDA:21,3,0,0
BRDA:21,3,1,0
BRDA:34,4,0,0
BRDA:34,4,1,0
BRDA:67,5,0,0
BRDA:67,5,1,0
BRDA:114,6,0,0
BRDA:114,6,1,0
BRDA:122,7,0,0
BRDA:122,7,1,0
BRDA:132,8,0,0
BRDA:132,8,1,0
BRDA:132,9,0,0
BRDA:132,9,1,0
BRDA:132,9,2,0
BRDA:142,10,0,0
BRDA:142,10,1,0
BRDA:143,11,0,0
BRDA:143,11,1,0
BRDA:144,12,0,0
BRDA:144,12,1,0
BRDA:171,13,0,0
BRDA:171,13,1,0
BRDA:179,14,0,0
BRDA:179,14,1,0
BRF:32
BRH:0
end_of_record
TN:
SF:routes/support.js
FN:9,(anonymous_0)
FN:52,(anonymous_1)
FN:55,(anonymous_2)
FN:56,(anonymous_3)
FN:75,(anonymous_4)
FN:110,(anonymous_5)
FN:165,(anonymous_6)
FN:206,(anonymous_7)
FNF:8
FNH:0
FNDA:0,(anonymous_0)
FNDA:0,(anonymous_1)
FNDA:0,(anonymous_2)
FNDA:0,(anonymous_3)
FNDA:0,(anonymous_4)
FNDA:0,(anonymous_5)
FNDA:0,(anonymous_6)
FNDA:0,(anonymous_7)
DA:1,2
DA:2,2
DA:3,2
DA:6,2
DA:9,2
DA:10,0
DA:11,0
DA:14,0
DA:15,0
DA:22,0
DA:34,0
DA:36,0
DA:43,0
DA:44,0
DA:52,2
DA:53,0
DA:54,0
DA:55,0
DA:56,0
DA:58,0
DA:66,0
DA:67,0
DA:75,2
DA:76,0
DA:77,0
DA:79,0
DA:80,0
DA:87,0
DA:88,0
DA:94,0
DA:101,0
DA:102,0
DA:110,2
DA:111,0
DA:112,0
DA:113,0
DA:115,0
DA:116,0
DA:123,0
DA:124,0
DA:130,0
DA:131,0
DA:138,0
DA:145,0
DA:146,0
DA:147,0
DA:149,0
DA:156,0
DA:157,0
DA:165,2
DA:166,0
DA:167,0
DA:169,0
DA:170,0
DA:177,0
DA:178,0
DA:185,0
DA:186,0
DA:187,0
DA:188,0
DA:190,0
DA:197,0
DA:198,0
DA:206,2
DA:207,0
DA:208,0
DA:210,0
DA:211,0
DA:218,0
DA:219,0
DA:226,0
DA:227,0
DA:228,0
DA:229,0
DA:231,0
DA:238,0
DA:239,0
DA:246,2
LF:78
LH:11
BRDA:14,0,0,0
BRDA:14,0,1,0
BRDA:14,1,0,0
BRDA:14,1,1,0
BRDA:79,2,0,0
BRDA:79,2,1,0
BRDA:87,3,0,0
BRDA:87,3,1,0
BRDA:115,4,0,0
BRDA:115,4,1,0
BRDA:123,5,0,0
BRDA:123,5,1,0
BRDA:130,6,0,0
BRDA:130,6,1,0
BRDA:169,7,0,0
BRDA:169,7,1,0
BRDA:177,8,0,0
BRDA:177,8,1,0
BRDA:210,9,0,0
BRDA:210,9,1,0
BRDA:218,10,0,0
BRDA:218,10,1,0
BRF:22
BRH:0
end_of_record
TN:
SF:services/carService.js
FN:151,(anonymous_0)
FN:169,(anonymous_1)
FN:173,(anonymous_2)
FN:177,(anonymous_3)
FN:183,(anonymous_4)
FN:190,(anonymous_5)
FN:196,(anonymous_6)
FN:203,(anonymous_7)
FN:206,(anonymous_8)
FN:210,(anonymous_9)
FN:221,(anonymous_10)
FN:224,(anonymous_11)
FN:227,(anonymous_12)
FN:230,(anonymous_13)
FN:233,(anonymous_14)
FN:240,(anonymous_15)
FN:269,(anonymous_16)
FN:271,(anonymous_17)
FN:295,(anonymous_18)
FN:296,(anonymous_19)
FN:300,(anonymous_20)
FN:305,(anonymous_21)
FN:307,(anonymous_22)
FN:308,(anonymous_23)
FN:309,(anonymous_24)
FN:315,(anonymous_25)
FN:318,(anonymous_26)
FN:320,(anonymous_27)
FN:328,(anonymous_28)
FN:330,(anonymous_29)
FN:342,(anonymous_30)
FN:344,(anonymous_31)
FNF:32
FNH:19
FNDA:9,(anonymous_0)
FNDA:3,(anonymous_1)
FNDA:0,(anonymous_2)
FNDA:0,(anonymous_3)
FNDA:3,(anonymous_4)
FNDA:3,(anonymous_5)
FNDA:3,(anonymous_6)
FNDA:3,(anonymous_7)
FNDA:8,(anonymous_8)
FNDA:4,(anonymous_9)
FNDA:2,(anonymous_10)
FNDA:0,(anonymous_11)
FNDA:4,(anonymous_12)
FNDA:0,(anonymous_13)
FNDA:0,(anonymous_14)
FNDA:0,(anonymous_15)
FNDA:2,(anonymous_16)
FNDA:4,(anonymous_17)
FNDA:1,(anonymous_18)
FNDA:3,(anonymous_19)
FNDA:1,(anonymous_20)
FNDA:1,(anonymous_21)
FNDA:3,(anonymous_22)
FNDA:12,(anonymous_23)
FNDA:6,(anonymous_24)
FNDA:0,(anonymous_25)
FNDA:0,(anonymous_26)
FNDA:0,(anonymous_27)
FNDA:0,(anonymous_28)
FNDA:0,(anonymous_29)
FNDA:0,(anonymous_30)
FNDA:0,(anonymous_31)
DA:1,3
DA:4,3
DA:143,3
DA:152,9
DA:153,9
DA:165,9
DA:168,9
DA:169,3
DA:172,9
DA:173,0
DA:176,9
DA:177,0
DA:180,9
DA:181,1
DA:182,1
DA:183,1
DA:184,3
DA:189,9
DA:190,1
DA:191,3
DA:195,9
DA:196,1
DA:197,3
DA:201,9
DA:202,1
DA:203,1
DA:204,3
DA:207,8
DA:211,4
DA:218,9
DA:219,2
DA:221,2
DA:222,1
DA:224,0
DA:225,0
DA:227,4
DA:228,1
DA:230,0
DA:231,0
DA:233,0
DA:234,0
DA:235,0
DA:236,0
DA:238,0
DA:240,0
DA:241,0
DA:242,0
DA:244,0
DA:249,9
DA:250,9
DA:251,9
DA:252,9
DA:254,9
DA:264,0
DA:265,0
DA:270,2
DA:271,4
DA:272,2
DA:273,1
DA:276,1
DA:278,1
DA:279,1
DA:283,0
DA:289,0
DA:290,0
DA:296,3
DA:301,1
DA:306,1
DA:307,1
DA:308,12
DA:309,6
DA:311,1
DA:316,0
DA:317,0
DA:318,0
DA:320,0
DA:322,0
DA:323,0
DA:329,0
DA:330,0
DA:331,0
DA:332,0
DA:334,0
DA:336,0
DA:337,0
DA:343,0
DA:344,0
DA:345,0
DA:346,0
DA:348,0
DA:354,0
DA:355,0
DA:360,3
LF:93
LH:53
BRDA:151,0,0,1
BRDA:161,1,0,8
BRDA:162,2,0,8
BRDA:168,3,0,1
BRDA:168,3,1,8
BRDA:172,4,0,0
BRDA:172,4,1,9
BRDA:176,5,0,0
BRDA:176,5,1,9
BRDA:180,6,0,1
BRDA:180,6,1,8
BRDA:182,7,0,1
BRDA:182,7,1,0
BRDA:184,8,0,3
BRDA:184,8,1,1
BRDA:189,9,0,1
BRDA:189,9,1,8
BRDA:195,10,0,1
BRDA:195,10,1,8
BRDA:201,11,0,1
BRDA:201,11,1,8
BRDA:204,12,0,3
BRDA:204,12,1,2
BRDA:204,12,2,2
BRDA:204,12,3,2
BRDA:204,12,4,2
BRDA:211,13,0,4
BRDA:211,13,1,4
BRDA:218,14,0,2
BRDA:218,14,1,7
BRDA:219,15,0,1
BRDA:219,15,1,0
BRDA:219,15,2,1
BRDA:219,15,3,0
BRDA:219,15,4,0
BRDA:219,15,5,0
BRDA:234,16,0,0
BRDA:234,16,1,0
BRDA:235,17,0,0
BRDA:235,17,1,0
BRDA:241,18,0,0
BRDA:241,18,1,0
BRDA:242,19,0,0
BRDA:242,19,1,0
BRDA:269,20,0,2
BRDA:272,21,0,1
BRDA:272,21,1,1
BRDA:276,22,0,1
BRDA:276,22,1,0
BRDA:286,23,0,0
BRDA:286,23,1,0
BRDA:315,24,0,0
BRDA:331,25,0,0
BRDA:331,25,1,0
BRDA:345,26,0,0
BRDA:345,26,1,0
BRDA:345,27,0,0
BRDA:345,27,1,0
BRF:58
BRH:33
end_of_record
TN:
SF:services/userService.js
FN:12,(anonymous_0)
FN:40,(anonymous_1)
FN:69,(anonymous_2)
FN:110,(anonymous_3)
FN:150,(anonymous_4)
FN:161,(anonymous_5)
FN:178,(anonymous_6)
FN:195,(anonymous_7)
FN:216,(anonymous_8)
FN:234,(anonymous_9)
FN:255,(anonymous_10)
FNF:11
FNH:3
FNDA:0,(anonymous_0)
FNDA:0,(anonymous_1)
FNDA:9,(anonymous_2)
FNDA:3,(anonymous_3)
FNDA:0,(anonymous_4)
FNDA:0,(anonymous_5)
FNDA:0,(anonymous_6)
FNDA:0,(anonymous_7)
FNDA:0,(anonymous_8)
FNDA:0,(anonymous_9)
FNDA:9,(anonymous_10)
DA:1,2
DA:2,2
DA:3,2
DA:4,2
DA:5,2
DA:6,2
DA:13,0
DA:14,0
DA:15,0
DA:19,0
DA:25,0
DA:26,0
DA:29,0
DA:31,0
DA:41,0
DA:42,0
DA:43,0
DA:46,0
DA:47,0
DA:50,0
DA:56,0
DA:57,0
DA:61,0
DA:62,0
DA:64,0
DA:70,9
DA:73,9
DA:74,9
DA:75,1
DA:79,8
DA:80,8
DA:83,8
DA:90,8
DA:93,8
DA:96,8
DA:97,8
DA:98,8
DA:99,8
DA:101,8
DA:112,3
DA:114,3
DA:115,1
DA:119,2
DA:120,0
DA:124,2
DA:125,2
DA:127,1
DA:128,1
DA:132,1
DA:135,1
DA:138,1
DA:139,1
DA:141,1
DA:151,0
DA:152,0
DA:153,0
DA:155,0
DA:162,0
DA:163,0
DA:164,0
DA:168,0
DA:169,0
DA:170,0
DA:171,0
DA:173,0
DA:177,0
DA:178,0
DA:179,0
DA:180,0
DA:184,0
DA:187,0
DA:188,0
DA:189,0
DA:196,0
DA:201,0
DA:202,0
DA:205,0
DA:206,0
DA:207,0
DA:208,0
DA:210,0
DA:217,0
DA:220,0
DA:222,0
DA:223,0
DA:224,0
DA:226,0
DA:228,0
DA:235,0
DA:240,0
DA:241,0
DA:244,0
DA:245,0
DA:246,0
DA:247,0
DA:249,0
DA:256,9
DA:264,2
LF:98
LH:35
BRDA:14,0,0,0
BRDA:14,0,1,0
BRDA:42,1,0,0
BRDA:42,1,1,0
BRDA:46,2,0,0
BRDA:46,2,1,0
BRDA:56,3,0,0
BRDA:56,3,1,0
BRDA:74,4,0,1
BRDA:74,4,1,8
BRDA:114,5,0,1
BRDA:114,5,1,2
BRDA:119,6,0,0
BRDA:119,6,1,2
BRDA:125,7,0,1
BRDA:125,7,1,1
BRDA:152,8,0,0
BRDA:152,8,1,0
BRDA:163,9,0,0
BRDA:163,9,1,0
BRDA:168,10,0,0
BRDA:168,10,1,0
BRDA:170,11,0,0
BRDA:170,11,1,0
BRDA:179,12,0,0
BRDA:179,12,1,0
BRDA:201,13,0,0
BRDA:201,13,1,0
BRDA:220,14,0,0
BRDA:220,14,1,0
BRDA:240,15,0,0
BRDA:240,15,1,0
BRDA:258,16,0,9
BRDA:258,16,1,0
BRDA:259,17,0,9
BRDA:259,17,1,0
BRF:36
BRH:9
end_of_record
